2025-05-15 21:09:24,968 - INFO - Iniciando búsqueda exhaustiva de archivos de backup desde: /var/www/vhosts/edefrutos2025.xyz/httpdocs
2025-05-15 21:09:24,968 - INFO - Directorio destino: /var/www/vhosts/edefrutos2025.xyz/httpdocs/backups
2025-05-15 21:09:24,970 - INFO - Archivo de backup movido: app.py.bak.funcionalidad -> /var/www/vhosts/edefrutos2025.xyz/httpdocs/backups/app.py.bak.funcionalidad
2025-05-15 21:09:24,970 - INFO - Archivo de backup movido: config.py.bak.1747077842.377603 -> /var/www/vhosts/edefrutos2025.xyz/httpdocs/backups/config.py.bak.1747077842.377603
2025-05-15 21:09:24,971 - INFO - Archivo de backup movido: app.py.bak.final -> /var/www/vhosts/edefrutos2025.xyz/httpdocs/backups/app.py.bak.final
2025-05-15 21:09:24,971 - INFO - Archivo de backup movido: app.py.bak.completo -> /var/www/vhosts/edefrutos2025.xyz/httpdocs/backups/app.py.bak.completo
2025-05-15 21:09:24,972 - INFO - Archivo de backup movido: mover_todos_backups.log -> /var/www/vhosts/edefrutos2025.xyz/httpdocs/backups/mover_todos_backups.log
2025-05-15 21:09:24,972 - INFO - Archivo de backup movido: mover_todos_backups.py -> /var/www/vhosts/edefrutos2025.xyz/httpdocs/backups/mover_todos_backups.py
2025-05-15 21:09:24,972 - INFO - Archivo de backup movido: app.py.bak.1747160564.709979 -> /var/www/vhosts/edefrutos2025.xyz/httpdocs/backups/app.py.bak.1747160564.709979
2025-05-15 21:09:25,123 - INFO - Archivo de backup movido: app/templates/ver_catalogo.html.bak.errores -> /var/www/vhosts/edefrutos2025.xyz/httpdocs/backups/app/templates/ver_catalogo.html.bak.errores
2025-05-15 21:09:25,124 - INFO - Archivo de backup movido: app/templates/dashboard_unificado.html.bak.errores -> /var/www/vhosts/edefrutos2025.xyz/httpdocs/backups/app/templates/dashboard_unificado.html.bak.errores
2025-05-15 21:09:25,125 - INFO - Archivo de backup movido: app/templates/ver_catalogo.html.bak.original -> /var/www/vhosts/edefrutos2025.xyz/httpdocs/backups/app/templates/ver_catalogo.html.bak.original
2025-05-15 21:09:25,125 - INFO - Archivo de backup movido: app/templates/catalogs.html.bak.original -> /var/www/vhosts/edefrutos2025.xyz/httpdocs/backups/app/templates/catalogs.html.bak.original
2025-05-15 21:09:25,125 - INFO - Archivo de backup movido: app/templates/catalogs.html.bak.errores -> /var/www/vhosts/edefrutos2025.xyz/httpdocs/backups/app/templates/catalogs.html.bak.errores
2025-05-15 21:09:25,125 - INFO - Archivo de backup movido: app/templates/tables.html.bak.funcionalidad -> /var/www/vhosts/edefrutos2025.xyz/httpdocs/backups/app/templates/tables.html.bak.funcionalidad
2025-05-15 21:09:25,130 - INFO - Archivo de backup movido: app/app_catalogo_completo_final/templates/base.html.bak_no_usar -> /var/www/vhosts/edefrutos2025.xyz/httpdocs/backups/app/app_catalogo_completo_final/templates/base.html.bak_no_usar
2025-05-15 21:09:25,135 - INFO - Archivo de backup movido: app/routes/catalogs_routes.py.bak.funcionalidad -> /var/www/vhosts/edefrutos2025.xyz/httpdocs/backups/app/routes/catalogs_routes.py.bak.funcionalidad
2025-05-15 21:09:25,135 - INFO - Archivo de backup movido: app/routes/catalogs_routes.py.bak.errores -> /var/www/vhosts/edefrutos2025.xyz/httpdocs/backups/app/routes/catalogs_routes.py.bak.errores
2025-05-15 21:09:25,135 - INFO - Archivo de backup movido: app/routes/catalogs_routes.py.bak.original -> /var/www/vhosts/edefrutos2025.xyz/httpdocs/backups/app/routes/catalogs_routes.py.bak.original
2025-05-15 21:09:25,136 - INFO - Archivo de backup movido: app/routes/main_routes.py.bak.original -> /var/www/vhosts/edefrutos2025.xyz/httpdocs/backups/app/routes/main_routes.py.bak.original
2025-05-15 21:09:25,136 - INFO - Archivo de backup movido: app/routes/main_routes.py.bak.funcionalidad -> /var/www/vhosts/edefrutos2025.xyz/httpdocs/backups/app/routes/main_routes.py.bak.funcionalidad
2025-05-15 21:09:25,137 - INFO - Archivo de backup movido: app/routes/main_routes.py.bak.errores -> /var/www/vhosts/edefrutos2025.xyz/httpdocs/backups/app/routes/main_routes.py.bak.errores
2025-05-15 21:09:25,137 - INFO - Archivo de backup movido: app/routes/catalogs_routes.py.bak.1747209002.4296167 -> /var/www/vhosts/edefrutos2025.xyz/httpdocs/backups/app/routes/catalogs_routes.py.bak.1747209002.4296167
2025-05-15 21:09:25,137 - INFO - Archivo de backup movido: app/routes/main_routes.py.bak.completo -> /var/www/vhosts/edefrutos2025.xyz/httpdocs/backups/app/routes/main_routes.py.bak.completo
2025-05-15 21:09:25,137 - INFO - Archivo de backup movido: app/routes/main_routes.py.bak.final -> /var/www/vhosts/edefrutos2025.xyz/httpdocs/backups/app/routes/main_routes.py.bak.final
2025-05-15 21:09:25,138 - INFO - Archivo de backup movido: app/routes/catalogs_routes.py.bak.1747209725.8744156 -> /var/www/vhosts/edefrutos2025.xyz/httpdocs/backups/app/routes/catalogs_routes.py.bak.1747209725.8744156
2025-05-15 21:09:25,139 - INFO - Archivo de backup movido: app/routes/app_catalogo_completo_final/templates/base.html.bak_no_usar -> /var/www/vhosts/edefrutos2025.xyz/httpdocs/backups/app/routes/app_catalogo_completo_final/templates/base.html.bak_no_usar
2025-05-15 21:09:25,467 - INFO - Proceso completado:
2025-05-15 21:09:25,467 - INFO - - Archivos de backup movidos: 25
2025-05-15 21:09:25,467 - INFO - - Errores encontrados: 0
