2025-05-15 12:44:06,287 - INFO - Archivo de prueba movido: test_mongo_connection.py -> /var/www/vhosts/edefrutos2025.xyz/httpdocs/tests/test_mongo_connection.py
2025-05-15 12:44:06,287 - INFO - Archivo de prueba movido: test_session_direct.py -> /var/www/vhosts/edefrutos2025.xyz/httpdocs/tests/test_session_direct.py
2025-05-15 12:44:06,289 - INFO - Archivo de prueba movido: test_session.py -> /var/www/vhosts/edefrutos2025.xyz/httpdocs/tests/test_session.py
2025-05-15 12:44:06,292 - INFO - Archivo de prueba duplicado, copiado con timestamp: test_auth.py -> /var/www/vhosts/edefrutos2025.xyz/httpdocs/tests/test_auth_20250515_124406.py
2025-05-15 12:44:06,298 - INFO - Archivo de prueba movido: test_mongo.py -> /var/www/vhosts/edefrutos2025.xyz/httpdocs/tests/test_mongo.py
2025-05-15 12:44:06,300 - INFO - Archivo de prueba movido: test.html -> /var/www/vhosts/edefrutos2025.xyz/httpdocs/tests/test.html
2025-05-15 12:44:06,301 - INFO - Archivo de prueba movido: create_test_user.py -> /var/www/vhosts/edefrutos2025.xyz/httpdocs/tests/create_test_user.py
2025-05-15 12:44:06,302 - INFO - Archivo de prueba movido: test.txt -> /var/www/vhosts/edefrutos2025.xyz/httpdocs/tests/test.txt
2025-05-15 12:44:06,303 - INFO - Archivo de prueba movido: check_test_user.py -> /var/www/vhosts/edefrutos2025.xyz/httpdocs/tests/check_test_user.py
2025-05-15 12:44:06,304 - INFO - Archivo de prueba movido: test_redis.py -> /var/www/vhosts/edefrutos2025.xyz/httpdocs/tests/test_redis.py
2025-05-15 12:44:06,305 - INFO - Archivo de prueba movido: test_login_direct.py -> /var/www/vhosts/edefrutos2025.xyz/httpdocs/tests/test_login_direct.py
2025-05-15 12:44:06,306 - INFO - Archivo de prueba movido: test_password.py -> /var/www/vhosts/edefrutos2025.xyz/httpdocs/tests/test_password.py
2025-05-15 12:44:06,308 - INFO - Archivo de prueba movido: test_session_simple.py -> /var/www/vhosts/edefrutos2025.xyz/httpdocs/tests/test_session_simple.py
2025-05-15 12:44:06,309 - INFO - Archivo de prueba movido: test_s3_cors.py -> /var/www/vhosts/edefrutos2025.xyz/httpdocs/tests/test_s3_cors.py
2025-05-15 12:44:06,309 - INFO - Archivo de prueba movido: test.xlsx -> /var/www/vhosts/edefrutos2025.xyz/httpdocs/tests/test.xlsx
2025-05-15 12:44:06,310 - INFO - Archivo de prueba movido: test.md -> /var/www/vhosts/edefrutos2025.xyz/httpdocs/tests/test.md
2025-05-15 12:44:06,406 - INFO - Archivo de backup movido: templates_OLD/admin/duplicate_users.html.bak -> /var/www/vhosts/edefrutos2025.xyz/httpdocs/backups/templates_OLD/admin/duplicate_users.html.bak
2025-05-15 12:44:06,406 - INFO - Archivo de backup movido: templates_OLD/admin/cleanup.html.bak -> /var/www/vhosts/edefrutos2025.xyz/httpdocs/backups/templates_OLD/admin/cleanup.html.bak
2025-05-15 12:44:06,407 - INFO - Archivo de backup movido: templates_OLD/admin/catalogs.html.bak -> /var/www/vhosts/edefrutos2025.xyz/httpdocs/backups/templates_OLD/admin/catalogs.html.bak
2025-05-15 12:44:06,407 - INFO - Archivo de backup movido: templates_OLD/admin/catalogos.html.bak -> /var/www/vhosts/edefrutos2025.xyz/httpdocs/backups/templates_OLD/admin/catalogos.html.bak
2025-05-15 12:44:06,407 - INFO - Archivo de backup movido: templates_OLD/admin/users.html.bak -> /var/www/vhosts/edefrutos2025.xyz/httpdocs/backups/templates_OLD/admin/users.html.bak
2025-05-15 12:44:06,407 - INFO - Archivo de backup movido: templates_OLD/admin/editar_catalogo.html.bak -> /var/www/vhosts/edefrutos2025.xyz/httpdocs/backups/templates_OLD/admin/editar_catalogo.html.bak
2025-05-15 12:44:06,408 - INFO - Archivo de backup movido: templates_OLD/admin/user_role.html.bak -> /var/www/vhosts/edefrutos2025.xyz/httpdocs/backups/templates_OLD/admin/user_role.html.bak
2025-05-15 12:44:06,408 - INFO - Archivo de backup movido: templates_OLD/admin/security_dashboard.html.bak -> /var/www/vhosts/edefrutos2025.xyz/httpdocs/backups/templates_OLD/admin/security_dashboard.html.bak
2025-05-15 12:44:06,408 - INFO - Archivo de backup movido: templates_OLD/admin/crear_catalogo.html.bak -> /var/www/vhosts/edefrutos2025.xyz/httpdocs/backups/templates_OLD/admin/crear_catalogo.html.bak
2025-05-15 12:44:06,408 - INFO - Archivo de backup movido: templates_OLD/admin/suspicious_users.html.bak -> /var/www/vhosts/edefrutos2025.xyz/httpdocs/backups/templates_OLD/admin/suspicious_users.html.bak
2025-05-15 12:44:06,408 - INFO - Archivo de backup movido: templates_OLD/admin/dashboard.html.bak -> /var/www/vhosts/edefrutos2025.xyz/httpdocs/backups/templates_OLD/admin/dashboard.html.bak
2025-05-15 12:44:06,409 - INFO - Archivo de backup movido: templates_OLD/admin/ver_catalogo.html.bak -> /var/www/vhosts/edefrutos2025.xyz/httpdocs/backups/templates_OLD/admin/ver_catalogo.html.bak
2025-05-15 12:44:06,409 - INFO - Archivo de backup movido: templates_OLD/admin/catalogo_detalle.html.bak -> /var/www/vhosts/edefrutos2025.xyz/httpdocs/backups/templates_OLD/admin/catalogo_detalle.html.bak
2025-05-15 12:44:06,409 - INFO - Archivo de backup movido: templates_OLD/admin/importar_catalogo.html.bak -> /var/www/vhosts/edefrutos2025.xyz/httpdocs/backups/templates_OLD/admin/importar_catalogo.html.bak
2025-05-15 12:44:06,415 - INFO - Archivo de prueba movido: scripts/test_app.py -> /var/www/vhosts/edefrutos2025.xyz/httpdocs/tests/scripts/test_app.py
2025-05-15 12:44:06,416 - INFO - Archivo de prueba movido: scripts/test_password_verify.py -> /var/www/vhosts/edefrutos2025.xyz/httpdocs/tests/scripts/test_password_verify.py
2025-05-15 12:44:06,416 - INFO - Archivo de prueba movido: scripts/test_mongodb.py -> /var/www/vhosts/edefrutos2025.xyz/httpdocs/tests/scripts/test_mongodb.py
2025-05-15 12:44:06,417 - INFO - Archivo de prueba movido: scripts/test_login.py -> /var/www/vhosts/edefrutos2025.xyz/httpdocs/tests/scripts/test_login.py
2025-05-15 12:44:06,418 - INFO - Archivo de prueba movido: scripts/test_python.py -> /var/www/vhosts/edefrutos2025.xyz/httpdocs/tests/scripts/test_python.py
2025-05-15 12:44:06,419 - INFO - Archivo de prueba movido: scripts/01_test_connection.py -> /var/www/vhosts/edefrutos2025.xyz/httpdocs/tests/scripts/01_test_connection.py
2025-05-15 12:44:06,420 - INFO - Archivo de prueba movido: scripts/test_password.py -> /var/www/vhosts/edefrutos2025.xyz/httpdocs/tests/scripts/test_password.py
2025-05-15 12:44:06,420 - INFO - Archivo de prueba movido: scripts/test.py -> /var/www/vhosts/edefrutos2025.xyz/httpdocs/tests/scripts/test.py
2025-05-15 12:44:06,420 - INFO - Archivo de prueba movido: scripts/test_openpyxl.py -> /var/www/vhosts/edefrutos2025.xyz/httpdocs/tests/scripts/test_openpyxl.py
2025-05-15 12:44:06,425 - INFO - Archivo de backup movido: app/templates/catalogs.html.bak -> /var/www/vhosts/edefrutos2025.xyz/httpdocs/backups/app/templates/catalogs.html.bak
2025-05-15 12:44:06,426 - INFO - Archivo de backup movido: app/templates/editar_catalogo.html.bak -> /var/www/vhosts/edefrutos2025.xyz/httpdocs/backups/app/templates/editar_catalogo.html.bak
2025-05-15 12:44:06,427 - INFO - Archivo de backup movido: app/templates/base.html.bak -> /var/www/vhosts/edefrutos2025.xyz/httpdocs/backups/app/templates/base.html.bak
2025-05-15 12:44:06,427 - INFO - Archivo de backup movido: app/templates/editar_fila.html.bak -> /var/www/vhosts/edefrutos2025.xyz/httpdocs/backups/app/templates/editar_fila.html.bak
2025-05-15 12:44:06,427 - INFO - Archivo de backup movido: app/templates/ver_catalogo.html.bak -> /var/www/vhosts/edefrutos2025.xyz/httpdocs/backups/app/templates/ver_catalogo.html.bak
2025-05-15 12:44:06,427 - INFO - Archivo de backup movido: app/templates/agregar_fila.html.bak -> /var/www/vhosts/edefrutos2025.xyz/httpdocs/backups/app/templates/agregar_fila.html.bak
2025-05-15 12:44:06,431 - INFO - Archivo de backup movido: app/templates/admin/duplicate_users.html.bak -> /var/www/vhosts/edefrutos2025.xyz/httpdocs/backups/app/templates/admin/duplicate_users.html.bak
2025-05-15 12:44:06,431 - INFO - Archivo de backup movido: app/templates/admin/cleanup.html.bak -> /var/www/vhosts/edefrutos2025.xyz/httpdocs/backups/app/templates/admin/cleanup.html.bak
2025-05-15 12:44:06,431 - INFO - Archivo de backup movido: app/templates/admin/catalogs.html.bak -> /var/www/vhosts/edefrutos2025.xyz/httpdocs/backups/app/templates/admin/catalogs.html.bak
2025-05-15 12:44:06,432 - INFO - Archivo de backup movido: app/templates/admin/catalogos.html.bak -> /var/www/vhosts/edefrutos2025.xyz/httpdocs/backups/app/templates/admin/catalogos.html.bak
2025-05-15 12:44:06,432 - INFO - Archivo de backup movido: app/templates/admin/editar_usuario.html.bak -> /var/www/vhosts/edefrutos2025.xyz/httpdocs/backups/app/templates/admin/editar_usuario.html.bak
2025-05-15 12:44:06,432 - INFO - Archivo de backup movido: app/templates/admin/tables_emergency.html.bak -> /var/www/vhosts/edefrutos2025.xyz/httpdocs/backups/app/templates/admin/tables_emergency.html.bak
2025-05-15 12:44:06,432 - INFO - Archivo de backup movido: app/templates/admin/users.html.bak -> /var/www/vhosts/edefrutos2025.xyz/httpdocs/backups/app/templates/admin/users.html.bak
2025-05-15 12:44:06,432 - INFO - Archivo de backup movido: app/templates/admin/editar_catalogo.html.bak -> /var/www/vhosts/edefrutos2025.xyz/httpdocs/backups/app/templates/admin/editar_catalogo.html.bak
2025-05-15 12:44:06,432 - INFO - Archivo de backup movido: app/templates/admin/user_role.html.bak -> /var/www/vhosts/edefrutos2025.xyz/httpdocs/backups/app/templates/admin/user_role.html.bak
2025-05-15 12:44:06,432 - INFO - Archivo de backup movido: app/templates/admin/security_dashboard.html.bak -> /var/www/vhosts/edefrutos2025.xyz/httpdocs/backups/app/templates/admin/security_dashboard.html.bak
2025-05-15 12:44:06,433 - INFO - Archivo de backup movido: app/templates/admin/status.html.bak -> /var/www/vhosts/edefrutos2025.xyz/httpdocs/backups/app/templates/admin/status.html.bak
2025-05-15 12:44:06,433 - INFO - Archivo de backup movido: app/templates/admin/lista_usuarios.html.bak -> /var/www/vhosts/edefrutos2025.xyz/httpdocs/backups/app/templates/admin/lista_usuarios.html.bak
2025-05-15 12:44:06,433 - INFO - Archivo de backup movido: app/templates/admin/dashboard_admin.html.bak -> /var/www/vhosts/edefrutos2025.xyz/httpdocs/backups/app/templates/admin/dashboard_admin.html.bak
2025-05-15 12:44:06,433 - INFO - Archivo de backup movido: app/templates/admin/maintenance.html.bak -> /var/www/vhosts/edefrutos2025.xyz/httpdocs/backups/app/templates/admin/maintenance.html.bak
2025-05-15 12:44:06,434 - INFO - Archivo de backup movido: app/templates/admin/crear_catalogo.html.bak -> /var/www/vhosts/edefrutos2025.xyz/httpdocs/backups/app/templates/admin/crear_catalogo.html.bak
2025-05-15 12:44:06,434 - INFO - Archivo de backup movido: app/templates/admin/suspicious_users.html.bak -> /var/www/vhosts/edefrutos2025.xyz/httpdocs/backups/app/templates/admin/suspicious_users.html.bak
2025-05-15 12:44:06,434 - INFO - Archivo de backup movido: app/templates/admin/dashboard.html.bak -> /var/www/vhosts/edefrutos2025.xyz/httpdocs/backups/app/templates/admin/dashboard.html.bak
2025-05-15 12:44:06,434 - INFO - Archivo de backup movido: app/templates/admin/ver_catalogo.html.bak -> /var/www/vhosts/edefrutos2025.xyz/httpdocs/backups/app/templates/admin/ver_catalogo.html.bak
2025-05-15 12:44:06,435 - INFO - Archivo de backup movido: app/templates/admin/catalogo_detalle.html.bak -> /var/www/vhosts/edefrutos2025.xyz/httpdocs/backups/app/templates/admin/catalogo_detalle.html.bak
2025-05-15 12:44:06,435 - INFO - Archivo de backup movido: app/templates/admin/crear_usuario.html.bak -> /var/www/vhosts/edefrutos2025.xyz/httpdocs/backups/app/templates/admin/crear_usuario.html.bak
2025-05-15 12:44:06,435 - INFO - Archivo de backup movido: app/templates/admin/importar_catalogo.html.bak -> /var/www/vhosts/edefrutos2025.xyz/httpdocs/backups/app/templates/admin/importar_catalogo.html.bak
2025-05-15 12:44:06,440 - INFO - Archivo de backup movido: app/app_catalogo_completo_final/app/routes/main_routes.py.bak -> /var/www/vhosts/edefrutos2025.xyz/httpdocs/backups/app/app_catalogo_completo_final/app/routes/main_routes.py.bak
2025-05-15 12:44:06,445 - INFO - Archivo de prueba movido: app/routes/test_session.py -> /var/www/vhosts/edefrutos2025.xyz/httpdocs/tests/app/routes/test_session.py
2025-05-15 12:44:06,445 - INFO - Archivo de backup movido: app/routes/catalogs_routes.py.bak -> /var/www/vhosts/edefrutos2025.xyz/httpdocs/backups/app/routes/catalogs_routes.py.bak
2025-05-15 12:44:06,446 - INFO - Archivo de backup movido: app/routes/auth_routes.py.bak -> /var/www/vhosts/edefrutos2025.xyz/httpdocs/backups/app/routes/auth_routes.py.bak
2025-05-15 12:44:06,446 - INFO - Archivo de backup movido: app/routes/main_routes.py.bak -> /var/www/vhosts/edefrutos2025.xyz/httpdocs/backups/app/routes/main_routes.py.bak
2025-05-15 12:44:06,450 - INFO - Archivo de backup movido: app/routes/app_catalogo_completo_final/app/routes/main_routes.py.bak -> /var/www/vhosts/edefrutos2025.xyz/httpdocs/backups/app/routes/app_catalogo_completo_final/app/routes/main_routes.py.bak
2025-05-15 12:44:06,758 - INFO - Archivo de prueba movido: static/test.html -> /var/www/vhosts/edefrutos2025.xyz/httpdocs/tests/static/test.html
2025-05-15 12:44:06,765 - INFO - Organización completada:
2025-05-15 12:44:06,765 - INFO - - Archivos de prueba movidos: 27
2025-05-15 12:44:06,765 - INFO - - Archivos de backup movidos: 46
2025-05-15 12:44:06,765 - INFO - - Errores encontrados: 0
2025-05-15 12:45:51,201 - INFO - Organización completada:
2025-05-15 12:45:51,202 - INFO - - Archivos de prueba movidos: 0
2025-05-15 12:45:51,202 - INFO - - Archivos de backup movidos: 0
2025-05-15 12:45:51,202 - INFO - - Errores encontrados: 0
