<!DOCTYPE html>
<html lang="es">
<head>
    <meta charset="UTF-8">
    <meta name="viewport" content="width=device-width, initial-scale=1.0">
    <title>Página no encontrada</title>
    <link href="https://cdn.jsdelivr.net/npm/bootstrap@5.3.2/dist/css/bootstrap.min.css" rel="stylesheet">
    <link href="https://cdn.jsdelivr.net/npm/bootstrap-icons@1.11.1/font/bootstrap-icons.css" rel="stylesheet">
    <link rel="icon" type="image/x-icon" href="/static/favicon.ico">
    <style>
        body { background: #f8f9fa; }
        .navbar { margin-bottom: 2rem; }
    </style>
</head>
<body>
<nav class="navbar navbar-expand-lg navbar-dark bg-primary">
  <div class="container-fluid">
    <a class="navbar-brand" href="/">Catálogo Tablas</a>
    <button class="navbar-toggler" type="button" data-bs-toggle="collapse" data-bs-target="#navbarNav" aria-controls="navbarNav" aria-expanded="false" aria-label="Toggle navigation">
      <span class="navbar-toggler-icon"></span>
    </button>
    <div class="collapse navbar-collapse" id="navbarNav">
      <ul class="navbar-nav ms-auto mb-2 mb-lg-0">
        
          <li class="nav-item"><a class="nav-link" href="/login"><i class="bi bi-box-arrow-in-right"></i> Iniciar sesión</a></li>
        
      </ul>
    </div>
  </div>
</nav>
<div class="container">
    
      
        
          <div class="alert alert-warning alert-dismissible fade show mt-2" role="alert">
            Debes crear una nueva contraseña antes de continuar.
            <button type="button" class="btn-close" data-bs-dismiss="alert" aria-label="Cerrar"></button>
          </div>
        
      
    
    
<div class="container text-center mt-5">
  <h1 class="display-4 text-warning"><i class="bi bi-emoji-frown"></i> 404</h1>
  <p class="lead">La página que buscas no existe o ha sido movida.</p>
  <a href="/" class="btn btn-primary mt-3">Volver al inicio</a>
</div>

</div>
<script src="https://cdn.jsdelivr.net/npm/bootstrap@5.3.2/dist/js/bootstrap.bundle.min.js"></script>

</body>
</html>