
[2025-05-20 12:16:25,723] INFO in __init__: [COOKIES] Cookie recibida: ImmutableMultiDict([('edefrutos2025_session', '.eJw1jkkOgzAMRe_iNSAnFAhZ9RDdR4G4KFKGKoRV1bvXdJBXfv7vy08wDyrRJkoVdC0HNbAGz5vxD9Ag5NQhj4AGKFofmJG7l6Pm_bqdoFtz5GPI20bO-PRvYeCTqT4SKxLl0OLQSrzhrC-THlQ3zlKJntWSw5mxLrLdwLFTMd4xGZUgOSullmV0iD1OtKBU9hdK9tNNjr7_wOsNGN0_Kg.aCxWPg.7VTpeu6gBhh2Dtx25hQEoFvMkUQ')])
[2025-05-20 12:16:26,383] INFO in admin_routes: Directorio de backups: /var/www/vhosts/edefrutos2025.xyz/httpdocs/backups
[2025-05-20 12:16:26,384] INFO in admin_routes: Buscando archivos de backup en: /var/www/vhosts/edefrutos2025.xyz/httpdocs/backups
[2025-05-20 12:16:26,387] INFO in admin_routes: Total de archivos encontrados en /var/www/vhosts/edefrutos2025.xyz/httpdocs/backups: 0
[2025-05-20 12:16:26,387] INFO in admin_routes: Total de archivos de backup encontrados: 0
[2025-05-20 12:16:26,432] INFO in __init__: [COOKIES] Set-Cookie enviada: None
[2025-05-20 12:16:26,589] INFO in __init__: [COOKIES] Cookie recibida: ImmutableMultiDict([('edefrutos2025_session', '.eJw1jkkOgzAMRe_iNSAnFAhZ9RDdR4G4KFKGKoRV1bvXdJBXfv7vy08wDyrRJkoVdC0HNbAGz5vxD9Ag5NQhj4AGKFofmJG7l6Pm_bqdoFtz5GPI20bO-PRvYeCTqT4SKxLl0OLQSrzhrC-THlQ3zlKJntWSw5mxLrLdwLFTMd4xGZUgOSullmV0iD1OtKBU9hdK9tNNjr7_wOsNGN0_Kg.aCxWeg._C9D3zB6S8PiYNN7uPpv4IGolzc')])
[2025-05-20 12:16:26,605] INFO in __init__: [COOKIES] Set-Cookie enviada: None
[2025-05-20 12:16:26,705] INFO in __init__: [COOKIES] Cookie recibida: ImmutableMultiDict([('edefrutos2025_session', '.eJw1jkkOgzAMRe_iNSAnFAhZ9RDdR4G4KFKGKoRV1bvXdJBXfv7vy08wDyrRJkoVdC0HNbAGz5vxD9Ag5NQhj4AGKFofmJG7l6Pm_bqdoFtz5GPI20bO-PRvYeCTqT4SKxLl0OLQSrzhrC-THlQ3zlKJntWSw5mxLrLdwLFTMd4xGZUgOSullmV0iD1OtKBU9hdK9tNNjr7_wOsNGN0_Kg.aCxWeg._C9D3zB6S8PiYNN7uPpv4IGolzc')])
[2025-05-20 12:16:26,726] INFO in __init__: [COOKIES] Set-Cookie enviada: None
[2025-05-20 12:16:26,767] INFO in __init__: [COOKIES] Cookie recibida: ImmutableMultiDict([('edefrutos2025_session', '.eJw1jkkOgzAMRe_iNSAnFAhZ9RDdR4G4KFKGKoRV1bvXdJBXfv7vy08wDyrRJkoVdC0HNbAGz5vxD9Ag5NQhj4AGKFofmJG7l6Pm_bqdoFtz5GPI20bO-PRvYeCTqT4SKxLl0OLQSrzhrC-THlQ3zlKJntWSw5mxLrLdwLFTMd4xGZUgOSullmV0iD1OtKBU9hdK9tNNjr7_wOsNGN0_Kg.aCxWeg._C9D3zB6S8PiYNN7uPpv4IGolzc')])
[2025-05-20 12:16:26,769] INFO in __init__: [COOKIES] Set-Cookie enviada: None
[2025-05-20 12:16:26,790] INFO in __init__: [COOKIES] Cookie recibida: ImmutableMultiDict([('edefrutos2025_session', '.eJw1jkkOgzAMRe_iNSAnFAhZ9RDdR4G4KFKGKoRV1bvXdJBXfv7vy08wDyrRJkoVdC0HNbAGz5vxD9Ag5NQhj4AGKFofmJG7l6Pm_bqdoFtz5GPI20bO-PRvYeCTqT4SKxLl0OLQSrzhrC-THlQ3zlKJntWSw5mxLrLdwLFTMd4xGZUgOSullmV0iD1OtKBU9hdK9tNNjr7_wOsNGN0_Kg.aCxWeg._C9D3zB6S8PiYNN7uPpv4IGolzc')])
[2025-05-20 12:16:26,800] INFO in admin_routes: [DEBUG] spreadsheets_collection: Collection(Database(MongoClient(host=['cluster0-shard-00-00.pmokh.mongodb.net:27017', 'cluster0-shard-00-01.pmokh.mongodb.net:27017', 'cluster0-shard-00-02.pmokh.mongodb.net:27017'], document_class=dict, tz_aware=False, connect=True, retrywrites=True, w='majority', authsource='admin', replicaset='atlas-xw8tdi-shard-0', tls=True, serverselectiontimeoutms=10000, connecttimeoutms=30000, sockettimeoutms=45000, retryreads=True, maxpoolsize=50, minpoolsize=10, maxidletimems=300000, waitqueuetimeoutms=30000), 'app_catalogojoyero'), 'spreadsheets')
[2025-05-20 12:16:26,839] INFO in admin_routes: [DEBUG] spreadsheets_collection.count_documents: 22
[2025-05-20 12:16:26,960] INFO in admin_routes: [ADMIN] Se encontraron 22 catálogos totales para mostrar en el dashboard.
[2025-05-20 12:16:26,961] INFO in admin_routes: [ADMIN] Propietario del catálogo Manual Creada por edefrutos en Mis Tablas de Catalogo: edefrutos
[2025-05-20 12:16:26,962] INFO in admin_routes: [ADMIN] Propietario del catálogo Tabla Depurando: j.g.1991
[2025-05-20 12:16:26,962] INFO in admin_routes: [ADMIN] Propietario del catálogo Tabla Roberto: fsareirz26
[2025-05-20 12:16:26,962] INFO in admin_routes: [ADMIN] Propietario del catálogo Adolfo Nueva: Adolfo
[2025-05-20 12:16:26,962] INFO in admin_routes: [ADMIN] Propietario del catálogo Adolfo tabla: Adolfo
[2025-05-20 12:16:26,962] INFO in admin_routes: [ADMIN] Propietario del catálogo Enri9que importada: Enrique
[2025-05-20 12:16:26,962] INFO in admin_routes: [ADMIN] Propietario del catálogo Enrique Nueva: Enrique
[2025-05-20 12:16:26,962] INFO in admin_routes: [ADMIN] Propietario del catálogo Nueva Mnaual Julia: j.g.1991
[2025-05-20 12:16:26,962] INFO in admin_routes: [ADMIN] Propietario del catálogo Alberto Joyero: Alberto
[2025-05-20 12:16:26,962] INFO in admin_routes: [ADMIN] Propietario del catálogo Nueva: Alberto
[2025-05-20 12:16:26,962] INFO in admin_routes: [ADMIN] Propietario del catálogo xlsx importada: edefrutos
[2025-05-20 12:16:26,962] INFO in admin_routes: [ADMIN] Propietario del catálogo Test Imporft xlsx: edefrutos
[2025-05-20 12:16:26,962] INFO in admin_routes: [ADMIN] Propietario del catálogo Nueva Tabla Importada: administrator
[2025-05-20 12:16:26,962] INFO in admin_routes: [ADMIN] Propietario del catálogo Manual Admin: edefrutos
[2025-05-20 12:16:26,962] INFO in admin_routes: [ADMIN] Propietario del catálogo Importada: Alberto
[2025-05-20 12:16:26,963] INFO in admin_routes: [ADMIN] Propietario del catálogo Datos: alberto
[2025-05-20 12:16:26,963] INFO in admin_routes: [ADMIN] Propietario del catálogo Manual: alberto
[2025-05-20 12:16:26,963] INFO in admin_routes: [ADMIN] Propietario del catálogo Importada: alberto
[2025-05-20 12:16:26,963] INFO in admin_routes: [ADMIN] Propietario del catálogo Manual: amelia
[2025-05-20 12:16:26,963] INFO in admin_routes: [ADMIN] Propietario del catálogo Joyero: edefrutos
[2025-05-20 12:16:26,963] INFO in admin_routes: [ADMIN] Propietario del catálogo Tasbla importada: Julia
[2025-05-20 12:16:26,963] INFO in admin_routes: [ADMIN] Propietario del catálogo Catálogo storage_units.xlsx: 67ed5c96300befce1d631c44
[2025-05-20 12:16:26,964] INFO in admin_routes: [ADMIN] total_usuarios=22, total_catalogos=22, porcentaje calculado: 100.0
[2025-05-20 12:16:26,992] INFO in __init__: [COOKIES] Set-Cookie enviada: None
[2025-05-20 12:17:05,597] INFO in __init__: [COOKIES] Cookie recibida: ImmutableMultiDict([])
[2025-05-20 12:17:05,629] INFO in __init__: [COOKIES] Set-Cookie enviada: None
[2025-05-20 12:17:05,993] INFO in __init__: [COOKIES] Cookie recibida: ImmutableMultiDict([])
[2025-05-20 12:17:06,043] INFO in __init__: [COOKIES] Set-Cookie enviada: None
[2025-05-20 12:17:26,685] INFO in __init__: [COOKIES] Cookie recibida: ImmutableMultiDict([('edefrutos2025_session', '.eJw1jkkOgzAMRe_iNSAnFAhZ9RDdR4G4KFKGKoRV1bvXdJBXfv7vy08wDyrRJkoVdC0HNbAGz5vxD9Ag5NQhj4AGKFofmJG7l6Pm_bqdoFtz5GPI20bO-PRvYeCTqT4SKxLl0OLQSrzhrC-THlQ3zlKJntWSw5mxLrLdwLFTMd4xGZUgOSullmV0iD1OtKBU9hdK9tNNjr7_wOsNGN0_Kg.aCxWeg._C9D3zB6S8PiYNN7uPpv4IGolzc')])
[2025-05-20 12:17:27,304] INFO in admin_routes: Directorio de backups: /var/www/vhosts/edefrutos2025.xyz/httpdocs/backups
[2025-05-20 12:17:27,305] INFO in admin_routes: Buscando archivos de backup en: /var/www/vhosts/edefrutos2025.xyz/httpdocs/backups
[2025-05-20 12:17:27,310] INFO in admin_routes: Total de archivos encontrados en /var/www/vhosts/edefrutos2025.xyz/httpdocs/backups: 0
[2025-05-20 12:17:27,310] INFO in admin_routes: Total de archivos de backup encontrados: 0
[2025-05-20 12:17:27,344] INFO in __init__: [COOKIES] Set-Cookie enviada: None
[2025-05-20 12:17:27,497] INFO in __init__: [COOKIES] Cookie recibida: ImmutableMultiDict([('edefrutos2025_session', '.eJw1jkkOgzAMRe_iNSAnFAhZ9RDdR4G4KFKGKoRV1bvXdJBXfv7vy08wDyrRJkoVdC0HNbAGz5vxD9Ag5NQhj4AGKFofmJG7l6Pm_bqdoFtz5GPI20bO-PRvYeCTqT4SKxLl0OLQSrzhrC-THlQ3zlKJntWSw5mxLrLdwLFTMd4xGZUgOSullmV0iD1OtKBU9hdK9tNNjr7_wOsNGN0_Kg.aCxWtw.V2BH293-RwXbN9Bpi-lQsNxgHD8')])
[2025-05-20 12:17:27,518] INFO in __init__: [COOKIES] Set-Cookie enviada: None
[2025-05-20 12:17:27,593] INFO in __init__: [COOKIES] Cookie recibida: ImmutableMultiDict([('edefrutos2025_session', '.eJw1jkkOgzAMRe_iNSAnFAhZ9RDdR4G4KFKGKoRV1bvXdJBXfv7vy08wDyrRJkoVdC0HNbAGz5vxD9Ag5NQhj4AGKFofmJG7l6Pm_bqdoFtz5GPI20bO-PRvYeCTqT4SKxLl0OLQSrzhrC-THlQ3zlKJntWSw5mxLrLdwLFTMd4xGZUgOSullmV0iD1OtKBU9hdK9tNNjr7_wOsNGN0_Kg.aCxWtw.V2BH293-RwXbN9Bpi-lQsNxgHD8')])
[2025-05-20 12:17:27,599] INFO in __init__: [COOKIES] Set-Cookie enviada: None
[2025-05-20 12:17:27,633] INFO in __init__: [COOKIES] Cookie recibida: ImmutableMultiDict([('edefrutos2025_session', '.eJw1jkkOgzAMRe_iNSAnFAhZ9RDdR4G4KFKGKoRV1bvXdJBXfv7vy08wDyrRJkoVdC0HNbAGz5vxD9Ag5NQhj4AGKFofmJG7l6Pm_bqdoFtz5GPI20bO-PRvYeCTqT4SKxLl0OLQSrzhrC-THlQ3zlKJntWSw5mxLrLdwLFTMd4xGZUgOSullmV0iD1OtKBU9hdK9tNNjr7_wOsNGN0_Kg.aCxWtw.V2BH293-RwXbN9Bpi-lQsNxgHD8')])
[2025-05-20 12:17:27,636] INFO in __init__: [COOKIES] Set-Cookie enviada: None
[2025-05-20 12:17:27,669] INFO in __init__: [COOKIES] Cookie recibida: ImmutableMultiDict([('edefrutos2025_session', '.eJw1jkkOgzAMRe_iNSAnFAhZ9RDdR4G4KFKGKoRV1bvXdJBXfv7vy08wDyrRJkoVdC0HNbAGz5vxD9Ag5NQhj4AGKFofmJG7l6Pm_bqdoFtz5GPI20bO-PRvYeCTqT4SKxLl0OLQSrzhrC-THlQ3zlKJntWSw5mxLrLdwLFTMd4xGZUgOSullmV0iD1OtKBU9hdK9tNNjr7_wOsNGN0_Kg.aCxWtw.V2BH293-RwXbN9Bpi-lQsNxgHD8')])
[2025-05-20 12:17:27,683] INFO in admin_routes: [DEBUG] spreadsheets_collection: Collection(Database(MongoClient(host=['cluster0-shard-00-00.pmokh.mongodb.net:27017', 'cluster0-shard-00-01.pmokh.mongodb.net:27017', 'cluster0-shard-00-02.pmokh.mongodb.net:27017'], document_class=dict, tz_aware=False, connect=True, retrywrites=True, w='majority', authsource='admin', replicaset='atlas-xw8tdi-shard-0', tls=True, serverselectiontimeoutms=10000, connecttimeoutms=30000, sockettimeoutms=45000, retryreads=True, maxpoolsize=50, minpoolsize=10, maxidletimems=300000, waitqueuetimeoutms=30000), 'app_catalogojoyero'), 'spreadsheets')
[2025-05-20 12:17:27,731] INFO in admin_routes: [DEBUG] spreadsheets_collection.count_documents: 22
[2025-05-20 12:17:27,879] INFO in admin_routes: [ADMIN] Se encontraron 22 catálogos totales para mostrar en el dashboard.
[2025-05-20 12:17:27,880] INFO in admin_routes: [ADMIN] Propietario del catálogo Manual Creada por edefrutos en Mis Tablas de Catalogo: edefrutos
[2025-05-20 12:17:27,881] INFO in admin_routes: [ADMIN] Propietario del catálogo Tabla Depurando: j.g.1991
[2025-05-20 12:17:27,881] INFO in admin_routes: [ADMIN] Propietario del catálogo Tabla Roberto: fsareirz26
[2025-05-20 12:17:27,881] INFO in admin_routes: [ADMIN] Propietario del catálogo Adolfo Nueva: Adolfo
[2025-05-20 12:17:27,881] INFO in admin_routes: [ADMIN] Propietario del catálogo Adolfo tabla: Adolfo
[2025-05-20 12:17:27,881] INFO in admin_routes: [ADMIN] Propietario del catálogo Enri9que importada: Enrique
[2025-05-20 12:17:27,881] INFO in admin_routes: [ADMIN] Propietario del catálogo Enrique Nueva: Enrique
[2025-05-20 12:17:27,881] INFO in admin_routes: [ADMIN] Propietario del catálogo Nueva Mnaual Julia: j.g.1991
[2025-05-20 12:17:27,881] INFO in admin_routes: [ADMIN] Propietario del catálogo Alberto Joyero: Alberto
[2025-05-20 12:17:27,882] INFO in admin_routes: [ADMIN] Propietario del catálogo Nueva: Alberto
[2025-05-20 12:17:27,882] INFO in admin_routes: [ADMIN] Propietario del catálogo xlsx importada: edefrutos
[2025-05-20 12:17:27,882] INFO in admin_routes: [ADMIN] Propietario del catálogo Test Imporft xlsx: edefrutos
[2025-05-20 12:17:27,882] INFO in admin_routes: [ADMIN] Propietario del catálogo Nueva Tabla Importada: administrator
[2025-05-20 12:17:27,882] INFO in admin_routes: [ADMIN] Propietario del catálogo Manual Admin: edefrutos
[2025-05-20 12:17:27,882] INFO in admin_routes: [ADMIN] Propietario del catálogo Importada: Alberto
[2025-05-20 12:17:27,882] INFO in admin_routes: [ADMIN] Propietario del catálogo Datos: alberto
[2025-05-20 12:17:27,883] INFO in admin_routes: [ADMIN] Propietario del catálogo Manual: alberto
[2025-05-20 12:17:27,883] INFO in admin_routes: [ADMIN] Propietario del catálogo Importada: alberto
[2025-05-20 12:17:27,883] INFO in admin_routes: [ADMIN] Propietario del catálogo Manual: amelia
[2025-05-20 12:17:27,883] INFO in admin_routes: [ADMIN] Propietario del catálogo Joyero: edefrutos
[2025-05-20 12:17:27,883] INFO in admin_routes: [ADMIN] Propietario del catálogo Tasbla importada: Julia
[2025-05-20 12:17:27,883] INFO in admin_routes: [ADMIN] Propietario del catálogo Catálogo storage_units.xlsx: 67ed5c96300befce1d631c44
[2025-05-20 12:17:27,884] INFO in admin_routes: [ADMIN] total_usuarios=22, total_catalogos=22, porcentaje calculado: 100.0
[2025-05-20 12:17:27,915] INFO in __init__: [COOKIES] Set-Cookie enviada: None
[2025-05-20 12:18:27,610] INFO in __init__: [COOKIES] Cookie recibida: ImmutableMultiDict([('edefrutos2025_session', '.eJw1jkkOgzAMRe_iNSAnFAhZ9RDdR4G4KFKGKoRV1bvXdJBXfv7vy08wDyrRJkoVdC0HNbAGz5vxD9Ag5NQhj4AGKFofmJG7l6Pm_bqdoFtz5GPI20bO-PRvYeCTqT4SKxLl0OLQSrzhrC-THlQ3zlKJntWSw5mxLrLdwLFTMd4xGZUgOSullmV0iD1OtKBU9hdK9tNNjr7_wOsNGN0_Kg.aCxWtw.V2BH293-RwXbN9Bpi-lQsNxgHD8')])
[2025-05-20 12:18:28,265] INFO in admin_routes: Directorio de backups: /var/www/vhosts/edefrutos2025.xyz/httpdocs/backups
[2025-05-20 12:18:28,266] INFO in admin_routes: Buscando archivos de backup en: /var/www/vhosts/edefrutos2025.xyz/httpdocs/backups
[2025-05-20 12:18:28,269] INFO in admin_routes: Total de archivos encontrados en /var/www/vhosts/edefrutos2025.xyz/httpdocs/backups: 0
[2025-05-20 12:18:28,269] INFO in admin_routes: Total de archivos de backup encontrados: 0
[2025-05-20 12:18:28,310] INFO in __init__: [COOKIES] Set-Cookie enviada: None
[2025-05-20 12:18:28,466] INFO in __init__: [COOKIES] Cookie recibida: ImmutableMultiDict([('edefrutos2025_session', '.eJw1jkkOgzAMRe_iNSAnFAhZ9RDdR4G4KFKGKoRV1bvXdJBXfv7vy08wDyrRJkoVdC0HNbAGz5vxD9Ag5NQhj4AGKFofmJG7l6Pm_bqdoFtz5GPI20bO-PRvYeCTqT4SKxLl0OLQSrzhrC-THlQ3zlKJntWSw5mxLrLdwLFTMd4xGZUgOSullmV0iD1OtKBU9hdK9tNNjr7_wOsNGN0_Kg.aCxW9A.ecdjpCZlVgZJY3nOP6zq3Gkjvjg')])
[2025-05-20 12:18:28,483] INFO in __init__: [COOKIES] Set-Cookie enviada: None
[2025-05-20 12:18:28,561] INFO in __init__: [COOKIES] Cookie recibida: ImmutableMultiDict([('edefrutos2025_session', '.eJw1jkkOgzAMRe_iNSAnFAhZ9RDdR4G4KFKGKoRV1bvXdJBXfv7vy08wDyrRJkoVdC0HNbAGz5vxD9Ag5NQhj4AGKFofmJG7l6Pm_bqdoFtz5GPI20bO-PRvYeCTqT4SKxLl0OLQSrzhrC-THlQ3zlKJntWSw5mxLrLdwLFTMd4xGZUgOSullmV0iD1OtKBU9hdK9tNNjr7_wOsNGN0_Kg.aCxW9A.ecdjpCZlVgZJY3nOP6zq3Gkjvjg')])
[2025-05-20 12:18:28,580] INFO in __init__: [COOKIES] Set-Cookie enviada: None
[2025-05-20 12:18:28,618] INFO in __init__: [COOKIES] Cookie recibida: ImmutableMultiDict([('edefrutos2025_session', '.eJw1jkkOgzAMRe_iNSAnFAhZ9RDdR4G4KFKGKoRV1bvXdJBXfv7vy08wDyrRJkoVdC0HNbAGz5vxD9Ag5NQhj4AGKFofmJG7l6Pm_bqdoFtz5GPI20bO-PRvYeCTqT4SKxLl0OLQSrzhrC-THlQ3zlKJntWSw5mxLrLdwLFTMd4xGZUgOSullmV0iD1OtKBU9hdK9tNNjr7_wOsNGN0_Kg.aCxW9A.ecdjpCZlVgZJY3nOP6zq3Gkjvjg')])
[2025-05-20 12:18:28,621] INFO in __init__: [COOKIES] Set-Cookie enviada: None
[2025-05-20 12:18:28,643] INFO in __init__: [COOKIES] Cookie recibida: ImmutableMultiDict([('edefrutos2025_session', '.eJw1jkkOgzAMRe_iNSAnFAhZ9RDdR4G4KFKGKoRV1bvXdJBXfv7vy08wDyrRJkoVdC0HNbAGz5vxD9Ag5NQhj4AGKFofmJG7l6Pm_bqdoFtz5GPI20bO-PRvYeCTqT4SKxLl0OLQSrzhrC-THlQ3zlKJntWSw5mxLrLdwLFTMd4xGZUgOSullmV0iD1OtKBU9hdK9tNNjr7_wOsNGN0_Kg.aCxW9A.ecdjpCZlVgZJY3nOP6zq3Gkjvjg')])
[2025-05-20 12:18:28,656] INFO in admin_routes: [DEBUG] spreadsheets_collection: Collection(Database(MongoClient(host=['cluster0-shard-00-00.pmokh.mongodb.net:27017', 'cluster0-shard-00-01.pmokh.mongodb.net:27017', 'cluster0-shard-00-02.pmokh.mongodb.net:27017'], document_class=dict, tz_aware=False, connect=True, retrywrites=True, w='majority', authsource='admin', replicaset='atlas-xw8tdi-shard-0', tls=True, serverselectiontimeoutms=10000, connecttimeoutms=30000, sockettimeoutms=45000, retryreads=True, maxpoolsize=50, minpoolsize=10, maxidletimems=300000, waitqueuetimeoutms=30000), 'app_catalogojoyero'), 'spreadsheets')
[2025-05-20 12:18:28,706] INFO in admin_routes: [DEBUG] spreadsheets_collection.count_documents: 22
[2025-05-20 12:18:28,868] INFO in admin_routes: [ADMIN] Se encontraron 22 catálogos totales para mostrar en el dashboard.
[2025-05-20 12:18:28,869] INFO in admin_routes: [ADMIN] Propietario del catálogo Manual Creada por edefrutos en Mis Tablas de Catalogo: edefrutos
[2025-05-20 12:18:28,869] INFO in admin_routes: [ADMIN] Propietario del catálogo Tabla Depurando: j.g.1991
[2025-05-20 12:18:28,870] INFO in admin_routes: [ADMIN] Propietario del catálogo Tabla Roberto: fsareirz26
[2025-05-20 12:18:28,870] INFO in admin_routes: [ADMIN] Propietario del catálogo Adolfo Nueva: Adolfo
[2025-05-20 12:18:28,870] INFO in admin_routes: [ADMIN] Propietario del catálogo Adolfo tabla: Adolfo
[2025-05-20 12:18:28,870] INFO in admin_routes: [ADMIN] Propietario del catálogo Enri9que importada: Enrique
[2025-05-20 12:18:28,870] INFO in admin_routes: [ADMIN] Propietario del catálogo Enrique Nueva: Enrique
[2025-05-20 12:18:28,870] INFO in admin_routes: [ADMIN] Propietario del catálogo Nueva Mnaual Julia: j.g.1991
[2025-05-20 12:18:28,871] INFO in admin_routes: [ADMIN] Propietario del catálogo Alberto Joyero: Alberto
[2025-05-20 12:18:28,871] INFO in admin_routes: [ADMIN] Propietario del catálogo Nueva: Alberto
[2025-05-20 12:18:28,871] INFO in admin_routes: [ADMIN] Propietario del catálogo xlsx importada: edefrutos
[2025-05-20 12:18:28,871] INFO in admin_routes: [ADMIN] Propietario del catálogo Test Imporft xlsx: edefrutos
[2025-05-20 12:18:28,871] INFO in admin_routes: [ADMIN] Propietario del catálogo Nueva Tabla Importada: administrator
[2025-05-20 12:18:28,871] INFO in admin_routes: [ADMIN] Propietario del catálogo Manual Admin: edefrutos
[2025-05-20 12:18:28,872] INFO in admin_routes: [ADMIN] Propietario del catálogo Importada: Alberto
[2025-05-20 12:18:28,872] INFO in admin_routes: [ADMIN] Propietario del catálogo Datos: alberto
[2025-05-20 12:18:28,872] INFO in admin_routes: [ADMIN] Propietario del catálogo Manual: alberto
[2025-05-20 12:18:28,872] INFO in admin_routes: [ADMIN] Propietario del catálogo Importada: alberto
[2025-05-20 12:18:28,872] INFO in admin_routes: [ADMIN] Propietario del catálogo Manual: amelia
[2025-05-20 12:18:28,872] INFO in admin_routes: [ADMIN] Propietario del catálogo Joyero: edefrutos
[2025-05-20 12:18:28,873] INFO in admin_routes: [ADMIN] Propietario del catálogo Tasbla importada: Julia
[2025-05-20 12:18:28,873] INFO in admin_routes: [ADMIN] Propietario del catálogo Catálogo storage_units.xlsx: 67ed5c96300befce1d631c44
[2025-05-20 12:18:28,874] INFO in admin_routes: [ADMIN] total_usuarios=22, total_catalogos=22, porcentaje calculado: 100.0
[2025-05-20 12:18:28,982] INFO in __init__: [COOKIES] Set-Cookie enviada: None
[2025-05-20 12:18:58,217] INFO in __init__: [COOKIES] Cookie recibida: ImmutableMultiDict([])
[2025-05-20 12:18:58,252] INFO in __init__: [COOKIES] Set-Cookie enviada: None
[2025-05-20 12:18:58,553] INFO in __init__: [COOKIES] Cookie recibida: ImmutableMultiDict([])
[2025-05-20 12:18:58,701] INFO in __init__: [COOKIES] Set-Cookie enviada: None
[2025-05-20 12:19:28,557] INFO in __init__: [COOKIES] Cookie recibida: ImmutableMultiDict([('edefrutos2025_session', '.eJw1jkkOgzAMRe_iNSAnFAhZ9RDdR4G4KFKGKoRV1bvXdJBXfv7vy08wDyrRJkoVdC0HNbAGz5vxD9Ag5NQhj4AGKFofmJG7l6Pm_bqdoFtz5GPI20bO-PRvYeCTqT4SKxLl0OLQSrzhrC-THlQ3zlKJntWSw5mxLrLdwLFTMd4xGZUgOSullmV0iD1OtKBU9hdK9tNNjr7_wOsNGN0_Kg.aCxW9A.ecdjpCZlVgZJY3nOP6zq3Gkjvjg')])
[2025-05-20 12:19:29,201] INFO in admin_routes: Directorio de backups: /var/www/vhosts/edefrutos2025.xyz/httpdocs/backups
[2025-05-20 12:19:29,202] INFO in admin_routes: Buscando archivos de backup en: /var/www/vhosts/edefrutos2025.xyz/httpdocs/backups
[2025-05-20 12:19:29,205] INFO in admin_routes: Total de archivos encontrados en /var/www/vhosts/edefrutos2025.xyz/httpdocs/backups: 0
[2025-05-20 12:19:29,205] INFO in admin_routes: Total de archivos de backup encontrados: 0
[2025-05-20 12:19:29,244] INFO in __init__: [COOKIES] Set-Cookie enviada: None
[2025-05-20 12:19:29,437] INFO in __init__: [COOKIES] Cookie recibida: ImmutableMultiDict([('edefrutos2025_session', '.eJw1jkkOgzAMRe_iNSAnFAhZ9RDdR4G4KFKGKoRV1bvXdJBXfv7vy08wDyrRJkoVdC0HNbAGz5vxD9Ag5NQhj4AGKFofmJG7l6Pm_bqdoFtz5GPI20bO-PRvYeCTqT4SKxLl0OLQSrzhrC-THlQ3zlKJntWSw5mxLrLdwLFTMd4xGZUgOSullmV0iD1OtKBU9hdK9tNNjr7_wOsNGN0_Kg.aCxXMQ.xXDaqapZRsFOlsYtWYTqKbkS20g')])
[2025-05-20 12:19:29,453] INFO in __init__: [COOKIES] Set-Cookie enviada: None
[2025-05-20 12:19:29,548] INFO in __init__: [COOKIES] Cookie recibida: ImmutableMultiDict([('edefrutos2025_session', '.eJw1jkkOgzAMRe_iNSAnFAhZ9RDdR4G4KFKGKoRV1bvXdJBXfv7vy08wDyrRJkoVdC0HNbAGz5vxD9Ag5NQhj4AGKFofmJG7l6Pm_bqdoFtz5GPI20bO-PRvYeCTqT4SKxLl0OLQSrzhrC-THlQ3zlKJntWSw5mxLrLdwLFTMd4xGZUgOSullmV0iD1OtKBU9hdK9tNNjr7_wOsNGN0_Kg.aCxXMQ.xXDaqapZRsFOlsYtWYTqKbkS20g')])
[2025-05-20 12:19:29,570] INFO in __init__: [COOKIES] Set-Cookie enviada: None
[2025-05-20 12:19:29,619] INFO in __init__: [COOKIES] Cookie recibida: ImmutableMultiDict([('edefrutos2025_session', '.eJw1jkkOgzAMRe_iNSAnFAhZ9RDdR4G4KFKGKoRV1bvXdJBXfv7vy08wDyrRJkoVdC0HNbAGz5vxD9Ag5NQhj4AGKFofmJG7l6Pm_bqdoFtz5GPI20bO-PRvYeCTqT4SKxLl0OLQSrzhrC-THlQ3zlKJntWSw5mxLrLdwLFTMd4xGZUgOSullmV0iD1OtKBU9hdK9tNNjr7_wOsNGN0_Kg.aCxXMQ.xXDaqapZRsFOlsYtWYTqKbkS20g')])
[2025-05-20 12:19:29,622] INFO in __init__: [COOKIES] Set-Cookie enviada: None
[2025-05-20 12:19:29,652] INFO in __init__: [COOKIES] Cookie recibida: ImmutableMultiDict([('edefrutos2025_session', '.eJw1jkkOgzAMRe_iNSAnFAhZ9RDdR4G4KFKGKoRV1bvXdJBXfv7vy08wDyrRJkoVdC0HNbAGz5vxD9Ag5NQhj4AGKFofmJG7l6Pm_bqdoFtz5GPI20bO-PRvYeCTqT4SKxLl0OLQSrzhrC-THlQ3zlKJntWSw5mxLrLdwLFTMd4xGZUgOSullmV0iD1OtKBU9hdK9tNNjr7_wOsNGN0_Kg.aCxXMQ.xXDaqapZRsFOlsYtWYTqKbkS20g')])
[2025-05-20 12:19:29,667] INFO in admin_routes: [DEBUG] spreadsheets_collection: Collection(Database(MongoClient(host=['cluster0-shard-00-00.pmokh.mongodb.net:27017', 'cluster0-shard-00-01.pmokh.mongodb.net:27017', 'cluster0-shard-00-02.pmokh.mongodb.net:27017'], document_class=dict, tz_aware=False, connect=True, retrywrites=True, w='majority', authsource='admin', replicaset='atlas-xw8tdi-shard-0', tls=True, serverselectiontimeoutms=10000, connecttimeoutms=30000, sockettimeoutms=45000, retryreads=True, maxpoolsize=50, minpoolsize=10, maxidletimems=300000, waitqueuetimeoutms=30000), 'app_catalogojoyero'), 'spreadsheets')
[2025-05-20 12:19:29,714] INFO in admin_routes: [DEBUG] spreadsheets_collection.count_documents: 22
[2025-05-20 12:19:29,862] INFO in admin_routes: [ADMIN] Se encontraron 22 catálogos totales para mostrar en el dashboard.
[2025-05-20 12:19:29,863] INFO in admin_routes: [ADMIN] Propietario del catálogo Manual Creada por edefrutos en Mis Tablas de Catalogo: edefrutos
[2025-05-20 12:19:29,863] INFO in admin_routes: [ADMIN] Propietario del catálogo Tabla Depurando: j.g.1991
[2025-05-20 12:19:29,863] INFO in admin_routes: [ADMIN] Propietario del catálogo Tabla Roberto: fsareirz26
[2025-05-20 12:19:29,863] INFO in admin_routes: [ADMIN] Propietario del catálogo Adolfo Nueva: Adolfo
[2025-05-20 12:19:29,863] INFO in admin_routes: [ADMIN] Propietario del catálogo Adolfo tabla: Adolfo
[2025-05-20 12:19:29,863] INFO in admin_routes: [ADMIN] Propietario del catálogo Enri9que importada: Enrique
[2025-05-20 12:19:29,863] INFO in admin_routes: [ADMIN] Propietario del catálogo Enrique Nueva: Enrique
[2025-05-20 12:19:29,863] INFO in admin_routes: [ADMIN] Propietario del catálogo Nueva Mnaual Julia: j.g.1991
[2025-05-20 12:19:29,864] INFO in admin_routes: [ADMIN] Propietario del catálogo Alberto Joyero: Alberto
[2025-05-20 12:19:29,864] INFO in admin_routes: [ADMIN] Propietario del catálogo Nueva: Alberto
[2025-05-20 12:19:29,864] INFO in admin_routes: [ADMIN] Propietario del catálogo xlsx importada: edefrutos
[2025-05-20 12:19:29,864] INFO in admin_routes: [ADMIN] Propietario del catálogo Test Imporft xlsx: edefrutos
[2025-05-20 12:19:29,864] INFO in admin_routes: [ADMIN] Propietario del catálogo Nueva Tabla Importada: administrator
[2025-05-20 12:19:29,864] INFO in admin_routes: [ADMIN] Propietario del catálogo Manual Admin: edefrutos
[2025-05-20 12:19:29,864] INFO in admin_routes: [ADMIN] Propietario del catálogo Importada: Alberto
[2025-05-20 12:19:29,864] INFO in admin_routes: [ADMIN] Propietario del catálogo Datos: alberto
[2025-05-20 12:19:29,864] INFO in admin_routes: [ADMIN] Propietario del catálogo Manual: alberto
[2025-05-20 12:19:29,864] INFO in admin_routes: [ADMIN] Propietario del catálogo Importada: alberto
[2025-05-20 12:19:29,864] INFO in admin_routes: [ADMIN] Propietario del catálogo Manual: amelia
[2025-05-20 12:19:29,864] INFO in admin_routes: [ADMIN] Propietario del catálogo Joyero: edefrutos
[2025-05-20 12:19:29,864] INFO in admin_routes: [ADMIN] Propietario del catálogo Tasbla importada: Julia
[2025-05-20 12:19:29,864] INFO in admin_routes: [ADMIN] Propietario del catálogo Catálogo storage_units.xlsx: 67ed5c96300befce1d631c44
[2025-05-20 12:19:29,865] INFO in admin_routes: [ADMIN] total_usuarios=22, total_catalogos=22, porcentaje calculado: 100.0
[2025-05-20 12:19:29,893] INFO in __init__: [COOKIES] Set-Cookie enviada: None
[2025-05-20 12:20:29,637] INFO in __init__: [COOKIES] Cookie recibida: ImmutableMultiDict([('edefrutos2025_session', '.eJw1jkkOgzAMRe_iNSAnFAhZ9RDdR4G4KFKGKoRV1bvXdJBXfv7vy08wDyrRJkoVdC0HNbAGz5vxD9Ag5NQhj4AGKFofmJG7l6Pm_bqdoFtz5GPI20bO-PRvYeCTqT4SKxLl0OLQSrzhrC-THlQ3zlKJntWSw5mxLrLdwLFTMd4xGZUgOSullmV0iD1OtKBU9hdK9tNNjr7_wOsNGN0_Kg.aCxXMQ.xXDaqapZRsFOlsYtWYTqKbkS20g')])
[2025-05-20 12:20:30,258] INFO in admin_routes: Directorio de backups: /var/www/vhosts/edefrutos2025.xyz/httpdocs/backups
[2025-05-20 12:20:30,258] INFO in admin_routes: Buscando archivos de backup en: /var/www/vhosts/edefrutos2025.xyz/httpdocs/backups
[2025-05-20 12:20:30,262] INFO in admin_routes: Total de archivos encontrados en /var/www/vhosts/edefrutos2025.xyz/httpdocs/backups: 0
[2025-05-20 12:20:30,263] INFO in admin_routes: Total de archivos de backup encontrados: 0
[2025-05-20 12:20:30,308] INFO in __init__: [COOKIES] Set-Cookie enviada: None
[2025-05-20 12:20:30,473] INFO in __init__: [COOKIES] Cookie recibida: ImmutableMultiDict([('edefrutos2025_session', '.eJw1jkkOgzAMRe_iNSAnFAhZ9RDdR4G4KFKGKoRV1bvXdJBXfv7vy08wDyrRJkoVdC0HNbAGz5vxD9Ag5NQhj4AGKFofmJG7l6Pm_bqdoFtz5GPI20bO-PRvYeCTqT4SKxLl0OLQSrzhrC-THlQ3zlKJntWSw5mxLrLdwLFTMd4xGZUgOSullmV0iD1OtKBU9hdK9tNNjr7_wOsNGN0_Kg.aCxXbg.HoH-1IR3ydZA-533AeS5x-X_Pks')])
[2025-05-20 12:20:30,500] INFO in __init__: [COOKIES] Set-Cookie enviada: None
[2025-05-20 12:20:30,612] INFO in __init__: [COOKIES] Cookie recibida: ImmutableMultiDict([('edefrutos2025_session', '.eJw1jkkOgzAMRe_iNSAnFAhZ9RDdR4G4KFKGKoRV1bvXdJBXfv7vy08wDyrRJkoVdC0HNbAGz5vxD9Ag5NQhj4AGKFofmJG7l6Pm_bqdoFtz5GPI20bO-PRvYeCTqT4SKxLl0OLQSrzhrC-THlQ3zlKJntWSw5mxLrLdwLFTMd4xGZUgOSullmV0iD1OtKBU9hdK9tNNjr7_wOsNGN0_Kg.aCxXbg.HoH-1IR3ydZA-533AeS5x-X_Pks')])
[2025-05-20 12:20:30,632] INFO in __init__: [COOKIES] Set-Cookie enviada: None
[2025-05-20 12:20:30,672] INFO in __init__: [COOKIES] Cookie recibida: ImmutableMultiDict([('edefrutos2025_session', '.eJw1jkkOgzAMRe_iNSAnFAhZ9RDdR4G4KFKGKoRV1bvXdJBXfv7vy08wDyrRJkoVdC0HNbAGz5vxD9Ag5NQhj4AGKFofmJG7l6Pm_bqdoFtz5GPI20bO-PRvYeCTqT4SKxLl0OLQSrzhrC-THlQ3zlKJntWSw5mxLrLdwLFTMd4xGZUgOSullmV0iD1OtKBU9hdK9tNNjr7_wOsNGN0_Kg.aCxXbg.HoH-1IR3ydZA-533AeS5x-X_Pks')])
[2025-05-20 12:20:30,674] INFO in __init__: [COOKIES] Set-Cookie enviada: None
[2025-05-20 12:20:30,700] INFO in __init__: [COOKIES] Cookie recibida: ImmutableMultiDict([('edefrutos2025_session', '.eJw1jkkOgzAMRe_iNSAnFAhZ9RDdR4G4KFKGKoRV1bvXdJBXfv7vy08wDyrRJkoVdC0HNbAGz5vxD9Ag5NQhj4AGKFofmJG7l6Pm_bqdoFtz5GPI20bO-PRvYeCTqT4SKxLl0OLQSrzhrC-THlQ3zlKJntWSw5mxLrLdwLFTMd4xGZUgOSullmV0iD1OtKBU9hdK9tNNjr7_wOsNGN0_Kg.aCxXbg.HoH-1IR3ydZA-533AeS5x-X_Pks')])
[2025-05-20 12:20:30,714] INFO in admin_routes: [DEBUG] spreadsheets_collection: Collection(Database(MongoClient(host=['cluster0-shard-00-00.pmokh.mongodb.net:27017', 'cluster0-shard-00-01.pmokh.mongodb.net:27017', 'cluster0-shard-00-02.pmokh.mongodb.net:27017'], document_class=dict, tz_aware=False, connect=True, retrywrites=True, w='majority', authsource='admin', replicaset='atlas-xw8tdi-shard-0', tls=True, serverselectiontimeoutms=10000, connecttimeoutms=30000, sockettimeoutms=45000, retryreads=True, maxpoolsize=50, minpoolsize=10, maxidletimems=300000, waitqueuetimeoutms=30000), 'app_catalogojoyero'), 'spreadsheets')
[2025-05-20 12:20:30,763] INFO in admin_routes: [DEBUG] spreadsheets_collection.count_documents: 22
[2025-05-20 12:20:30,909] INFO in admin_routes: [ADMIN] Se encontraron 22 catálogos totales para mostrar en el dashboard.
[2025-05-20 12:20:30,910] INFO in admin_routes: [ADMIN] Propietario del catálogo Manual Creada por edefrutos en Mis Tablas de Catalogo: edefrutos
[2025-05-20 12:20:30,910] INFO in admin_routes: [ADMIN] Propietario del catálogo Tabla Depurando: j.g.1991
[2025-05-20 12:20:30,910] INFO in admin_routes: [ADMIN] Propietario del catálogo Tabla Roberto: fsareirz26
[2025-05-20 12:20:30,910] INFO in admin_routes: [ADMIN] Propietario del catálogo Adolfo Nueva: Adolfo
[2025-05-20 12:20:30,910] INFO in admin_routes: [ADMIN] Propietario del catálogo Adolfo tabla: Adolfo
[2025-05-20 12:20:30,910] INFO in admin_routes: [ADMIN] Propietario del catálogo Enri9que importada: Enrique
[2025-05-20 12:20:30,910] INFO in admin_routes: [ADMIN] Propietario del catálogo Enrique Nueva: Enrique
[2025-05-20 12:20:30,910] INFO in admin_routes: [ADMIN] Propietario del catálogo Nueva Mnaual Julia: j.g.1991
[2025-05-20 12:20:30,910] INFO in admin_routes: [ADMIN] Propietario del catálogo Alberto Joyero: Alberto
[2025-05-20 12:20:30,910] INFO in admin_routes: [ADMIN] Propietario del catálogo Nueva: Alberto
[2025-05-20 12:20:30,911] INFO in admin_routes: [ADMIN] Propietario del catálogo xlsx importada: edefrutos
[2025-05-20 12:20:30,911] INFO in admin_routes: [ADMIN] Propietario del catálogo Test Imporft xlsx: edefrutos
[2025-05-20 12:20:30,911] INFO in admin_routes: [ADMIN] Propietario del catálogo Nueva Tabla Importada: administrator
[2025-05-20 12:20:30,911] INFO in admin_routes: [ADMIN] Propietario del catálogo Manual Admin: edefrutos
[2025-05-20 12:20:30,911] INFO in admin_routes: [ADMIN] Propietario del catálogo Importada: Alberto
[2025-05-20 12:20:30,911] INFO in admin_routes: [ADMIN] Propietario del catálogo Datos: alberto
[2025-05-20 12:20:30,911] INFO in admin_routes: [ADMIN] Propietario del catálogo Manual: alberto
[2025-05-20 12:20:30,911] INFO in admin_routes: [ADMIN] Propietario del catálogo Importada: alberto
[2025-05-20 12:20:30,911] INFO in admin_routes: [ADMIN] Propietario del catálogo Manual: amelia
[2025-05-20 12:20:30,911] INFO in admin_routes: [ADMIN] Propietario del catálogo Joyero: edefrutos
[2025-05-20 12:20:30,911] INFO in admin_routes: [ADMIN] Propietario del catálogo Tasbla importada: Julia
[2025-05-20 12:20:30,911] INFO in admin_routes: [ADMIN] Propietario del catálogo Catálogo storage_units.xlsx: 67ed5c96300befce1d631c44
[2025-05-20 12:20:30,912] INFO in admin_routes: [ADMIN] total_usuarios=22, total_catalogos=22, porcentaje calculado: 100.0
[2025-05-20 12:20:30,937] INFO in __init__: [COOKIES] Set-Cookie enviada: None
[2025-05-20 12:21:30,636] INFO in __init__: [COOKIES] Cookie recibida: ImmutableMultiDict([('edefrutos2025_session', '.eJw1jkkOgzAMRe_iNSAnFAhZ9RDdR4G4KFKGKoRV1bvXdJBXfv7vy08wDyrRJkoVdC0HNbAGz5vxD9Ag5NQhj4AGKFofmJG7l6Pm_bqdoFtz5GPI20bO-PRvYeCTqT4SKxLl0OLQSrzhrC-THlQ3zlKJntWSw5mxLrLdwLFTMd4xGZUgOSullmV0iD1OtKBU9hdK9tNNjr7_wOsNGN0_Kg.aCxXbg.HoH-1IR3ydZA-533AeS5x-X_Pks')])
[2025-05-20 12:21:31,292] INFO in admin_routes: Directorio de backups: /var/www/vhosts/edefrutos2025.xyz/httpdocs/backups
[2025-05-20 12:21:31,293] INFO in admin_routes: Buscando archivos de backup en: /var/www/vhosts/edefrutos2025.xyz/httpdocs/backups
[2025-05-20 12:21:31,297] INFO in admin_routes: Total de archivos encontrados en /var/www/vhosts/edefrutos2025.xyz/httpdocs/backups: 0
[2025-05-20 12:21:31,297] INFO in admin_routes: Total de archivos de backup encontrados: 0
[2025-05-20 12:21:31,343] INFO in __init__: [COOKIES] Set-Cookie enviada: None
[2025-05-20 12:21:31,610] INFO in __init__: [COOKIES] Cookie recibida: ImmutableMultiDict([('edefrutos2025_session', '.eJw1jkkOgzAMRe_iNSAnFAhZ9RDdR4G4KFKGKoRV1bvXdJBXfv7vy08wDyrRJkoVdC0HNbAGz5vxD9Ag5NQhj4AGKFofmJG7l6Pm_bqdoFtz5GPI20bO-PRvYeCTqT4SKxLl0OLQSrzhrC-THlQ3zlKJntWSw5mxLrLdwLFTMd4xGZUgOSullmV0iD1OtKBU9hdK9tNNjr7_wOsNGN0_Kg.aCxXqw.EJRpLXe6bYpMbPDyLcKRhHsjzZk')])
[2025-05-20 12:21:31,625] INFO in __init__: [COOKIES] Set-Cookie enviada: None
[2025-05-20 12:21:31,713] INFO in __init__: [COOKIES] Cookie recibida: ImmutableMultiDict([('edefrutos2025_session', '.eJw1jkkOgzAMRe_iNSAnFAhZ9RDdR4G4KFKGKoRV1bvXdJBXfv7vy08wDyrRJkoVdC0HNbAGz5vxD9Ag5NQhj4AGKFofmJG7l6Pm_bqdoFtz5GPI20bO-PRvYeCTqT4SKxLl0OLQSrzhrC-THlQ3zlKJntWSw5mxLrLdwLFTMd4xGZUgOSullmV0iD1OtKBU9hdK9tNNjr7_wOsNGN0_Kg.aCxXqw.EJRpLXe6bYpMbPDyLcKRhHsjzZk')])
[2025-05-20 12:21:31,733] INFO in __init__: [COOKIES] Set-Cookie enviada: None
[2025-05-20 12:21:31,777] INFO in __init__: [COOKIES] Cookie recibida: ImmutableMultiDict([('edefrutos2025_session', '.eJw1jkkOgzAMRe_iNSAnFAhZ9RDdR4G4KFKGKoRV1bvXdJBXfv7vy08wDyrRJkoVdC0HNbAGz5vxD9Ag5NQhj4AGKFofmJG7l6Pm_bqdoFtz5GPI20bO-PRvYeCTqT4SKxLl0OLQSrzhrC-THlQ3zlKJntWSw5mxLrLdwLFTMd4xGZUgOSullmV0iD1OtKBU9hdK9tNNjr7_wOsNGN0_Kg.aCxXqw.EJRpLXe6bYpMbPDyLcKRhHsjzZk')])
[2025-05-20 12:21:31,779] INFO in __init__: [COOKIES] Set-Cookie enviada: None
[2025-05-20 12:21:31,800] INFO in __init__: [COOKIES] Cookie recibida: ImmutableMultiDict([('edefrutos2025_session', '.eJw1jkkOgzAMRe_iNSAnFAhZ9RDdR4G4KFKGKoRV1bvXdJBXfv7vy08wDyrRJkoVdC0HNbAGz5vxD9Ag5NQhj4AGKFofmJG7l6Pm_bqdoFtz5GPI20bO-PRvYeCTqT4SKxLl0OLQSrzhrC-THlQ3zlKJntWSw5mxLrLdwLFTMd4xGZUgOSullmV0iD1OtKBU9hdK9tNNjr7_wOsNGN0_Kg.aCxXqw.EJRpLXe6bYpMbPDyLcKRhHsjzZk')])
[2025-05-20 12:21:31,812] INFO in admin_routes: [DEBUG] spreadsheets_collection: Collection(Database(MongoClient(host=['cluster0-shard-00-00.pmokh.mongodb.net:27017', 'cluster0-shard-00-01.pmokh.mongodb.net:27017', 'cluster0-shard-00-02.pmokh.mongodb.net:27017'], document_class=dict, tz_aware=False, connect=True, retrywrites=True, w='majority', authsource='admin', replicaset='atlas-xw8tdi-shard-0', tls=True, serverselectiontimeoutms=10000, connecttimeoutms=30000, sockettimeoutms=45000, retryreads=True, maxpoolsize=50, minpoolsize=10, maxidletimems=300000, waitqueuetimeoutms=30000), 'app_catalogojoyero'), 'spreadsheets')
[2025-05-20 12:21:31,857] INFO in admin_routes: [DEBUG] spreadsheets_collection.count_documents: 22
[2025-05-20 12:21:32,006] INFO in admin_routes: [ADMIN] Se encontraron 22 catálogos totales para mostrar en el dashboard.
[2025-05-20 12:21:32,008] INFO in admin_routes: [ADMIN] Propietario del catálogo Manual Creada por edefrutos en Mis Tablas de Catalogo: edefrutos
[2025-05-20 12:21:32,008] INFO in admin_routes: [ADMIN] Propietario del catálogo Tabla Depurando: j.g.1991
[2025-05-20 12:21:32,008] INFO in admin_routes: [ADMIN] Propietario del catálogo Tabla Roberto: fsareirz26
[2025-05-20 12:21:32,009] INFO in admin_routes: [ADMIN] Propietario del catálogo Adolfo Nueva: Adolfo
[2025-05-20 12:21:32,009] INFO in admin_routes: [ADMIN] Propietario del catálogo Adolfo tabla: Adolfo
[2025-05-20 12:21:32,009] INFO in admin_routes: [ADMIN] Propietario del catálogo Enri9que importada: Enrique
[2025-05-20 12:21:32,009] INFO in admin_routes: [ADMIN] Propietario del catálogo Enrique Nueva: Enrique
[2025-05-20 12:21:32,009] INFO in admin_routes: [ADMIN] Propietario del catálogo Nueva Mnaual Julia: j.g.1991
[2025-05-20 12:21:32,009] INFO in admin_routes: [ADMIN] Propietario del catálogo Alberto Joyero: Alberto
[2025-05-20 12:21:32,009] INFO in admin_routes: [ADMIN] Propietario del catálogo Nueva: Alberto
[2025-05-20 12:21:32,009] INFO in admin_routes: [ADMIN] Propietario del catálogo xlsx importada: edefrutos
[2025-05-20 12:21:32,009] INFO in admin_routes: [ADMIN] Propietario del catálogo Test Imporft xlsx: edefrutos
[2025-05-20 12:21:32,009] INFO in admin_routes: [ADMIN] Propietario del catálogo Nueva Tabla Importada: administrator
[2025-05-20 12:21:32,009] INFO in admin_routes: [ADMIN] Propietario del catálogo Manual Admin: edefrutos
[2025-05-20 12:21:32,009] INFO in admin_routes: [ADMIN] Propietario del catálogo Importada: Alberto
[2025-05-20 12:21:32,009] INFO in admin_routes: [ADMIN] Propietario del catálogo Datos: alberto
[2025-05-20 12:21:32,010] INFO in admin_routes: [ADMIN] Propietario del catálogo Manual: alberto
[2025-05-20 12:21:32,010] INFO in admin_routes: [ADMIN] Propietario del catálogo Importada: alberto
[2025-05-20 12:21:32,010] INFO in admin_routes: [ADMIN] Propietario del catálogo Manual: amelia
[2025-05-20 12:21:32,010] INFO in admin_routes: [ADMIN] Propietario del catálogo Joyero: edefrutos
[2025-05-20 12:21:32,010] INFO in admin_routes: [ADMIN] Propietario del catálogo Tasbla importada: Julia
[2025-05-20 12:21:32,010] INFO in admin_routes: [ADMIN] Propietario del catálogo Catálogo storage_units.xlsx: 67ed5c96300befce1d631c44
[2025-05-20 12:21:32,011] INFO in admin_routes: [ADMIN] total_usuarios=22, total_catalogos=22, porcentaje calculado: 100.0
[2025-05-20 12:21:32,046] INFO in __init__: [COOKIES] Set-Cookie enviada: None
[2025-05-20 12:22:10,302] INFO in __init__: [COOKIES] Cookie recibida: ImmutableMultiDict([])
[2025-05-20 12:22:10,319] INFO in __init__: [COOKIES] Set-Cookie enviada: None
[2025-05-20 12:22:10,428] INFO in __init__: [COOKIES] Cookie recibida: ImmutableMultiDict([])
[2025-05-20 12:22:10,432] INFO in __init__: [COOKIES] Set-Cookie enviada: None
[2025-05-20 12:22:31,604] INFO in __init__: [COOKIES] Cookie recibida: ImmutableMultiDict([('edefrutos2025_session', '.eJw1jkkOgzAMRe_iNSAnFAhZ9RDdR4G4KFKGKoRV1bvXdJBXfv7vy08wDyrRJkoVdC0HNbAGz5vxD9Ag5NQhj4AGKFofmJG7l6Pm_bqdoFtz5GPI20bO-PRvYeCTqT4SKxLl0OLQSrzhrC-THlQ3zlKJntWSw5mxLrLdwLFTMd4xGZUgOSullmV0iD1OtKBU9hdK9tNNjr7_wOsNGN0_Kg.aCxXrA.zcxdsWQg6khlZ15zUMkwQoiDwZs')])
[2025-05-20 12:22:32,200] INFO in admin_routes: Directorio de backups: /var/www/vhosts/edefrutos2025.xyz/httpdocs/backups
[2025-05-20 12:22:32,200] INFO in admin_routes: Buscando archivos de backup en: /var/www/vhosts/edefrutos2025.xyz/httpdocs/backups
[2025-05-20 12:22:32,202] INFO in admin_routes: Total de archivos encontrados en /var/www/vhosts/edefrutos2025.xyz/httpdocs/backups: 0
[2025-05-20 12:22:32,202] INFO in admin_routes: Total de archivos de backup encontrados: 0
[2025-05-20 12:22:32,213] INFO in __init__: [COOKIES] Set-Cookie enviada: None
[2025-05-20 12:22:32,353] INFO in __init__: [COOKIES] Cookie recibida: ImmutableMultiDict([('edefrutos2025_session', '.eJw1jkkOgzAMRe_iNSAnFAhZ9RDdR4G4KFKGKoRV1bvXdJBXfv7vy08wDyrRJkoVdC0HNbAGz5vxD9Ag5NQhj4AGKFofmJG7l6Pm_bqdoFtz5GPI20bO-PRvYeCTqT4SKxLl0OLQSrzhrC-THlQ3zlKJntWSw5mxLrLdwLFTMd4xGZUgOSullmV0iD1OtKBU9hdK9tNNjr7_wOsNGN0_Kg.aCxX6A.qzEOFhaHFEysuQbhq0LRWRfObvA')])
[2025-05-20 12:22:32,355] INFO in __init__: [COOKIES] Set-Cookie enviada: None
[2025-05-20 12:22:32,356] INFO in __init__: [COOKIES] Cookie recibida: ImmutableMultiDict([('edefrutos2025_session', '.eJw1jkkOgzAMRe_iNSAnFAhZ9RDdR4G4KFKGKoRV1bvXdJBXfv7vy08wDyrRJkoVdC0HNbAGz5vxD9Ag5NQhj4AGKFofmJG7l6Pm_bqdoFtz5GPI20bO-PRvYeCTqT4SKxLl0OLQSrzhrC-THlQ3zlKJntWSw5mxLrLdwLFTMd4xGZUgOSullmV0iD1OtKBU9hdK9tNNjr7_wOsNGN0_Kg.aCxX6A.qzEOFhaHFEysuQbhq0LRWRfObvA')])
[2025-05-20 12:22:32,357] INFO in __init__: [COOKIES] Set-Cookie enviada: None
[2025-05-20 12:22:32,378] INFO in __init__: [COOKIES] Cookie recibida: ImmutableMultiDict([('edefrutos2025_session', '.eJw1jkkOgzAMRe_iNSAnFAhZ9RDdR4G4KFKGKoRV1bvXdJBXfv7vy08wDyrRJkoVdC0HNbAGz5vxD9Ag5NQhj4AGKFofmJG7l6Pm_bqdoFtz5GPI20bO-PRvYeCTqT4SKxLl0OLQSrzhrC-THlQ3zlKJntWSw5mxLrLdwLFTMd4xGZUgOSullmV0iD1OtKBU9hdK9tNNjr7_wOsNGN0_Kg.aCxX6A.qzEOFhaHFEysuQbhq0LRWRfObvA')])
[2025-05-20 12:22:32,379] INFO in __init__: [COOKIES] Set-Cookie enviada: None
[2025-05-20 12:22:32,404] INFO in __init__: [COOKIES] Cookie recibida: ImmutableMultiDict([('edefrutos2025_session', '.eJw1jkkOgzAMRe_iNSAnFAhZ9RDdR4G4KFKGKoRV1bvXdJBXfv7vy08wDyrRJkoVdC0HNbAGz5vxD9Ag5NQhj4AGKFofmJG7l6Pm_bqdoFtz5GPI20bO-PRvYeCTqT4SKxLl0OLQSrzhrC-THlQ3zlKJntWSw5mxLrLdwLFTMd4xGZUgOSullmV0iD1OtKBU9hdK9tNNjr7_wOsNGN0_Kg.aCxX6A.qzEOFhaHFEysuQbhq0LRWRfObvA')])
[2025-05-20 12:22:32,408] INFO in admin_routes: [DEBUG] spreadsheets_collection: Collection(Database(MongoClient(host=['cluster0-shard-00-00.pmokh.mongodb.net:27017', 'cluster0-shard-00-01.pmokh.mongodb.net:27017', 'cluster0-shard-00-02.pmokh.mongodb.net:27017'], document_class=dict, tz_aware=False, connect=True, retrywrites=True, w='majority', authsource='admin', replicaset='atlas-xw8tdi-shard-0', tls=True, serverselectiontimeoutms=10000, connecttimeoutms=30000, sockettimeoutms=45000, retryreads=True, maxpoolsize=50, minpoolsize=10, maxidletimems=300000, waitqueuetimeoutms=30000), 'app_catalogojoyero'), 'spreadsheets')
[2025-05-20 12:22:32,448] INFO in admin_routes: [DEBUG] spreadsheets_collection.count_documents: 22
[2025-05-20 12:22:32,595] INFO in admin_routes: [ADMIN] Se encontraron 22 catálogos totales para mostrar en el dashboard.
[2025-05-20 12:22:32,595] INFO in admin_routes: [ADMIN] Propietario del catálogo Manual Creada por edefrutos en Mis Tablas de Catalogo: edefrutos
[2025-05-20 12:22:32,595] INFO in admin_routes: [ADMIN] Propietario del catálogo Tabla Depurando: j.g.1991
[2025-05-20 12:22:32,595] INFO in admin_routes: [ADMIN] Propietario del catálogo Tabla Roberto: fsareirz26
[2025-05-20 12:22:32,596] INFO in admin_routes: [ADMIN] Propietario del catálogo Adolfo Nueva: Adolfo
[2025-05-20 12:22:32,597] INFO in admin_routes: [ADMIN] Propietario del catálogo Adolfo tabla: Adolfo
[2025-05-20 12:22:32,597] INFO in admin_routes: [ADMIN] Propietario del catálogo Enri9que importada: Enrique
[2025-05-20 12:22:32,597] INFO in admin_routes: [ADMIN] Propietario del catálogo Enrique Nueva: Enrique
[2025-05-20 12:22:32,598] INFO in admin_routes: [ADMIN] Propietario del catálogo Nueva Mnaual Julia: j.g.1991
[2025-05-20 12:22:32,598] INFO in admin_routes: [ADMIN] Propietario del catálogo Alberto Joyero: Alberto
[2025-05-20 12:22:32,598] INFO in admin_routes: [ADMIN] Propietario del catálogo Nueva: Alberto
[2025-05-20 12:22:32,598] INFO in admin_routes: [ADMIN] Propietario del catálogo xlsx importada: edefrutos
[2025-05-20 12:22:32,598] INFO in admin_routes: [ADMIN] Propietario del catálogo Test Imporft xlsx: edefrutos
[2025-05-20 12:22:32,598] INFO in admin_routes: [ADMIN] Propietario del catálogo Nueva Tabla Importada: administrator
[2025-05-20 12:22:32,598] INFO in admin_routes: [ADMIN] Propietario del catálogo Manual Admin: edefrutos
[2025-05-20 12:22:32,599] INFO in admin_routes: [ADMIN] Propietario del catálogo Importada: Alberto
[2025-05-20 12:22:32,599] INFO in admin_routes: [ADMIN] Propietario del catálogo Datos: alberto
[2025-05-20 12:22:32,599] INFO in admin_routes: [ADMIN] Propietario del catálogo Manual: alberto
[2025-05-20 12:22:32,599] INFO in admin_routes: [ADMIN] Propietario del catálogo Importada: alberto
[2025-05-20 12:22:32,599] INFO in admin_routes: [ADMIN] Propietario del catálogo Manual: amelia
[2025-05-20 12:22:32,599] INFO in admin_routes: [ADMIN] Propietario del catálogo Joyero: edefrutos
[2025-05-20 12:22:32,599] INFO in admin_routes: [ADMIN] Propietario del catálogo Tasbla importada: Julia
[2025-05-20 12:22:32,599] INFO in admin_routes: [ADMIN] Propietario del catálogo Catálogo storage_units.xlsx: 67ed5c96300befce1d631c44
[2025-05-20 12:22:32,599] INFO in admin_routes: [ADMIN] total_usuarios=22, total_catalogos=22, porcentaje calculado: 100.0
[2025-05-20 12:22:32,607] INFO in __init__: [COOKIES] Set-Cookie enviada: None
[2025-05-20 12:23:18,172] INFO in __init__: [COOKIES] Cookie recibida: ImmutableMultiDict([('edefrutos2025_session', '.eJw1jkkOgzAMRe_iNSAnFAhZ9RDdR4G4KFKGKoRV1bvXdJBXfv7vy08wDyrRJkoVdC0HNbAGz5vxD9Ag5NQhj4AGKFofmJG7l6Pm_bqdoFtz5GPI20bO-PRvYeCTqT4SKxLl0OLQSrzhrC-THlQ3zlKJntWSw5mxLrLdwLFTMd4xGZUgOSullmV0iD1OtKBU9hdK9tNNjr7_wOsNGN0_Kg.aCxX6A.qzEOFhaHFEysuQbhq0LRWRfObvA')])
[2025-05-20 12:23:18,184] INFO in auth_routes: Usuario cerró sesión: None
[2025-05-20 12:23:18,216] INFO in __init__: [COOKIES] Set-Cookie enviada: edefrutos2025_session=; Expires=Thu, 01 Jan 1970 00:00:00 GMT; Max-Age=0; Path=/
[2025-05-20 12:23:18,259] INFO in __init__: [COOKIES] Cookie recibida: ImmutableMultiDict([('edefrutos2025_session', 'eyJfZmxhc2hlcyI6W3siIHQiOlsiaW5mbyIsIkhhcyBjZXJyYWRvIHNlc2lcdTAwZjNuIGNvcnJlY3RhbWVudGUiXX1dfQ.aCxYFg.k5Pv8YT5qrV1gTGG_fYMPhpHQSM')])
[2025-05-20 12:23:18,336] INFO in __init__: [COOKIES] Set-Cookie enviada: None
[2025-05-20 12:23:18,550] INFO in __init__: [COOKIES] Cookie recibida: ImmutableMultiDict([])
[2025-05-20 12:23:18,568] INFO in __init__: [COOKIES] Set-Cookie enviada: None
[2025-05-20 12:23:18,608] INFO in __init__: [COOKIES] Cookie recibida: ImmutableMultiDict([])
[2025-05-20 12:23:18,635] INFO in __init__: [COOKIES] Set-Cookie enviada: None
[2025-05-20 12:23:25,696] INFO in __init__: [COOKIES] Cookie recibida: ImmutableMultiDict([])
[2025-05-20 12:23:25,714] INFO in __init__: [COOKIES] Set-Cookie enviada: None
[2025-05-20 12:23:25,754] INFO in __init__: [COOKIES] Cookie recibida: ImmutableMultiDict([])
[2025-05-20 12:23:25,838] INFO in __init__: [COOKIES] Set-Cookie enviada: None
[2025-05-20 12:23:37,274] INFO in __init__: [COOKIES] Cookie recibida: ImmutableMultiDict([])
[2025-05-20 12:23:37,349] INFO in main_routes: [USER] Mostrando solo las tablas del usuario usuario_normal
[2025-05-20 12:23:37,393] INFO in main_routes: [USER] Mostrando solo los catálogos del usuario usuario_normal
[2025-05-20 12:23:37,471] INFO in __init__: [COOKIES] Set-Cookie enviada: None
[2025-05-20 12:23:42,889] INFO in __init__: [COOKIES] Cookie recibida: ImmutableMultiDict([])
[2025-05-20 12:23:42,918] INFO in __init__: [COOKIES] Set-Cookie enviada: None
[2025-05-20 12:23:42,980] INFO in __init__: [COOKIES] Cookie recibida: ImmutableMultiDict([('edefrutos2025_session', 'eyJfZmxhc2hlcyI6W3siIHQiOlsid2FybmluZyIsIkRlYmUgaW5pY2lhciBzZXNpXHUwMGYzbiBwYXJhIHZlciBsb3MgY2F0XHUwMGUxbG9nb3MiXX1dfQ.aCxYLg.0K_LQguFckTegoga3obrZ0-IJEo')])
[2025-05-20 12:23:43,081] INFO in __init__: [COOKIES] Set-Cookie enviada: None
[2025-05-20 12:23:50,088] INFO in __init__: [COOKIES] Cookie recibida: ImmutableMultiDict([])
[2025-05-20 12:23:50,122] INFO in __init__: [COOKIES] Set-Cookie enviada: None
[2025-05-20 12:23:50,189] INFO in __init__: [COOKIES] Cookie recibida: ImmutableMultiDict([('edefrutos2025_session', 'eyJfZmxhc2hlcyI6W3siIHQiOlsid2FybmluZyIsIkRlYmUgaW5pY2lhciBzZXNpXHUwMGYzbiBwYXJhIHZlciBsb3MgY2F0XHUwMGUxbG9nb3MiXX1dfQ.aCxYNg.ge10kGwWWvm7KOaAktaQoVCnuE8')])
[2025-05-20 12:23:50,279] INFO in __init__: [COOKIES] Set-Cookie enviada: None
[2025-05-20 12:23:58,970] INFO in __init__: [COOKIES] Cookie recibida: ImmutableMultiDict([])
[2025-05-20 12:23:58,973] INFO in __init__: [COOKIES] Set-Cookie enviada: None
[2025-05-20 12:23:59,113] INFO in __init__: [COOKIES] Cookie recibida: ImmutableMultiDict([])
[2025-05-20 12:23:59,154] INFO in __init__: [COOKIES] Set-Cookie enviada: None
[2025-05-20 12:27:15,359] INFO in __init__: [COOKIES] Cookie recibida: ImmutableMultiDict([])
[2025-05-20 12:27:15,382] INFO in __init__: [COOKIES] Set-Cookie enviada: None
[2025-05-20 12:27:15,597] INFO in __init__: [COOKIES] Cookie recibida: ImmutableMultiDict([])
[2025-05-20 12:27:15,666] INFO in __init__: [COOKIES] Set-Cookie enviada: None
[2025-05-20 12:28:59,464] INFO in __init__: [COOKIES] Cookie recibida: ImmutableMultiDict([])
[2025-05-20 12:28:59,490] INFO in __init__: [COOKIES] Set-Cookie enviada: None
[2025-05-20 12:28:59,611] INFO in __init__: [COOKIES] Cookie recibida: ImmutableMultiDict([])
[2025-05-20 12:28:59,642] INFO in __init__: [COOKIES] Set-Cookie enviada: None
[2025-05-20 12:32:18,781] INFO in __init__: [COOKIES] Cookie recibida: ImmutableMultiDict([])
[2025-05-20 12:32:18,802] INFO in __init__: [COOKIES] Set-Cookie enviada: None
[2025-05-20 12:32:18,918] INFO in __init__: [COOKIES] Cookie recibida: ImmutableMultiDict([])
[2025-05-20 12:32:18,943] INFO in __init__: [COOKIES] Set-Cookie enviada: None
[2025-05-20 12:33:59,926] INFO in __init__: [COOKIES] Cookie recibida: ImmutableMultiDict([])
[2025-05-20 12:33:59,958] INFO in __init__: [COOKIES] Set-Cookie enviada: None
[2025-05-20 12:34:00,168] INFO in __init__: [COOKIES] Cookie recibida: ImmutableMultiDict([])
[2025-05-20 12:34:00,215] INFO in __init__: [COOKIES] Set-Cookie enviada: None
[2025-05-20 12:37:22,028] INFO in __init__: [COOKIES] Cookie recibida: ImmutableMultiDict([])
[2025-05-20 12:37:22,052] INFO in __init__: [COOKIES] Set-Cookie enviada: None
[2025-05-20 12:37:22,170] INFO in __init__: [COOKIES] Cookie recibida: ImmutableMultiDict([])
[2025-05-20 12:37:22,206] INFO in __init__: [COOKIES] Set-Cookie enviada: None
[2025-05-20 12:39:00,545] INFO in __init__: [COOKIES] Cookie recibida: ImmutableMultiDict([])
[2025-05-20 12:39:00,570] INFO in __init__: [COOKIES] Set-Cookie enviada: None
[2025-05-20 12:39:00,805] INFO in __init__: [COOKIES] Cookie recibida: ImmutableMultiDict([])
[2025-05-20 12:39:00,866] INFO in __init__: [COOKIES] Set-Cookie enviada: None
[2025-05-20 12:42:25,459] INFO in __init__: [COOKIES] Cookie recibida: ImmutableMultiDict([])
[2025-05-20 12:42:25,481] INFO in __init__: [COOKIES] Set-Cookie enviada: None
[2025-05-20 12:42:25,589] INFO in __init__: [COOKIES] Cookie recibida: ImmutableMultiDict([])
[2025-05-20 12:42:25,607] INFO in __init__: [COOKIES] Set-Cookie enviada: None
[2025-05-20 12:44:01,062] INFO in __init__: [COOKIES] Cookie recibida: ImmutableMultiDict([])
[2025-05-20 12:44:01,083] INFO in __init__: [COOKIES] Set-Cookie enviada: None
[2025-05-20 12:44:01,175] INFO in __init__: [COOKIES] Cookie recibida: ImmutableMultiDict([])
[2025-05-20 12:44:01,198] INFO in __init__: [COOKIES] Set-Cookie enviada: None
[2025-05-20 12:44:34,884] INFO in __init__: [COOKIES] Cookie recibida: ImmutableMultiDict([])
[2025-05-20 12:44:34,900] INFO in auth_routes: === INICIO DE INTENTO DE LOGIN ===
[2025-05-20 12:44:34,966] INFO in auth_routes: Datos recibidos - Email: edefrutos
[2025-05-20 12:44:34,968] INFO in auth_routes: Buscando usuario en la base de datos: edefrutos
[2025-05-20 12:44:35,060] INFO in models: Usuario encontrado por campo username
[2025-05-20 12:44:35,060] INFO in auth_routes: [LOGIN] Usuario recuperado de la base de datos: {'_id': ObjectId('681e29888bb6d00307eb028a'), 'username': 'edefrutos', 'email': 'edfrutos@gmail.com', 'password': 'scrypt:32768:8:1$3iMAZk9kxlPocTBM$37a2fa86fdfba442557faec01b28225ac58b1984d4bad77d8d276c61c719b052254daa85a08268f6eced1b9c47d9cef39f5e2530c5cee0123c502d41c1682113', 'role': 'admin', 'created_at': datetime.datetime(2025, 4, 6, 22, 28, 4, 594000), 'last_login': '2025-05-20T09:47:58.650906', 'updated_at': '2025-05-14T17:09:40.575728', 'nombre': 'edefrutos', 'failed_attempts': 0, 'last_ip': '127.0.0.1', 'num_tables': 27, 'password_updated_at': '2025-05-13T18:56:20.731654', 'tables_updated_at': datetime.datetime(2025, 4, 9, 16, 29, 52, 283000), 'password_type': 'werkzeug', 'active': True, 'must_change_password': False, 'locked_until': None, 'login_history': [{'timestamp': '2025-05-13T19:21:07.712350', 'ip': '127.0.0.1', 'user_agent': 'Mozilla/5.0 (Macintosh; Intel Mac OS X 10_15_7) AppleWebKit/537.36 (KHTML, like Gecko) Chrome/136.0.0.0 Safari/537.36'}, {'timestamp': '2025-05-13T19:23:51.987825', 'ip': '127.0.0.1', 'user_agent': 'Mozilla/5.0 (Macintosh; Intel Mac OS X 10_15_7) AppleWebKit/537.36 (KHTML, like Gecko) Chrome/136.0.0.0 Safari/537.36'}, {'timestamp': '2025-05-13T19:43:15.350466', 'ip': '127.0.0.1', 'user_agent': 'Mozilla/5.0 (Macintosh; Intel Mac OS X 10_15_7) AppleWebKit/537.36 (KHTML, like Gecko) Chrome/136.0.0.0 Safari/537.36'}, {'timestamp': '2025-05-13T19:50:21.876372', 'ip': '127.0.0.1', 'user_agent': 'Mozilla/5.0 (Macintosh; Intel Mac OS X 10_15_7) AppleWebKit/537.36 (KHTML, like Gecko) Chrome/136.0.0.0 Safari/537.36'}, {'timestamp': '2025-05-13T19:55:51.352833', 'ip': '127.0.0.1', 'user_agent': 'Mozilla/5.0 (Macintosh; Intel Mac OS X 10_15_7) AppleWebKit/537.36 (KHTML, like Gecko) Chrome/136.0.0.0 Safari/537.36'}, {'timestamp': '2025-05-13T20:27:25.142137', 'ip': '127.0.0.1', 'user_agent': 'Mozilla/5.0 (Macintosh; Intel Mac OS X 10_15_7) AppleWebKit/537.36 (KHTML, like Gecko) Chrome/136.0.0.0 Safari/537.36'}, {'timestamp': '2025-05-14T07:51:51.351744', 'ip': '127.0.0.1', 'user_agent': 'Mozilla/5.0 (Macintosh; Intel Mac OS X 10_15_7) AppleWebKit/537.36 (KHTML, like Gecko) Chrome/136.0.0.0 Safari/537.36'}, {'timestamp': '2025-05-14T11:11:07.400536', 'ip': '127.0.0.1', 'user_agent': 'Mozilla/5.0 (Macintosh; Intel Mac OS X 10_15_7) AppleWebKit/537.36 (KHTML, like Gecko) Chrome/136.0.0.0 Safari/537.36'}, {'timestamp': '2025-05-14T17:10:26.545394', 'ip': '127.0.0.1', 'user_agent': 'Mozilla/5.0 (Macintosh; Intel Mac OS X 10_15_7) AppleWebKit/537.36 (KHTML, like Gecko) Chrome/136.0.0.0 Safari/537.36'}, {'timestamp': '2025-05-14T17:33:20.885961', 'ip': '127.0.0.1', 'user_agent': 'Mozilla/5.0 (Macintosh; Intel Mac OS X 10_15_7) AppleWebKit/537.36 (KHTML, like Gecko) Chrome/136.0.0.0 Safari/537.36'}, {'timestamp': '2025-05-14T17:59:35.610085', 'ip': '127.0.0.1', 'user_agent': 'Mozilla/5.0 (Macintosh; Intel Mac OS X 10_15_7) AppleWebKit/537.36 (KHTML, like Gecko) Chrome/136.0.0.0 Safari/537.36'}, {'timestamp': '2025-05-14T19:08:31.591229', 'ip': '127.0.0.1', 'user_agent': 'Mozilla/5.0 (Macintosh; Intel Mac OS X 10_15_7) AppleWebKit/537.36 (KHTML, like Gecko) Chrome/136.0.0.0 Safari/537.36'}, {'timestamp': '2025-05-15T11:12:21.077921', 'ip': '127.0.0.1', 'user_agent': 'Mozilla/5.0 (Macintosh; Intel Mac OS X 10_15_7) AppleWebKit/537.36 (KHTML, like Gecko) Chrome/136.0.0.0 Safari/537.36'}, {'timestamp': '2025-05-15T11:39:11.648024', 'ip': '127.0.0.1', 'user_agent': 'Mozilla/5.0 (Macintosh; Intel Mac OS X 10_15_7) AppleWebKit/537.36 (KHTML, like Gecko) Chrome/136.0.0.0 Safari/537.36'}, {'timestamp': '2025-05-15T11:47:15.319843', 'ip': '127.0.0.1', 'user_agent': 'Mozilla/5.0 (Macintosh; Intel Mac OS X 10_15_7) AppleWebKit/537.36 (KHTML, like Gecko) Chrome/136.0.0.0 Safari/537.36'}, {'timestamp': '2025-05-15T13:59:47.486804', 'ip': '127.0.0.1', 'user_agent': 'Mozilla/5.0 (Macintosh; Intel Mac OS X 10_15_7) AppleWebKit/537.36 (KHTML, like Gecko) Chrome/136.0.0.0 Safari/537.36'}, {'timestamp': '2025-05-15T14:08:53.571788', 'ip': '127.0.0.1', 'user_agent': 'Mozilla/5.0 (Macintosh; Intel Mac OS X 10_15_7) AppleWebKit/537.36 (KHTML, like Gecko) Chrome/136.0.0.0 Safari/537.36'}, {'timestamp': '2025-05-15T14:13:52.722231', 'ip': '127.0.0.1', 'user_agent': 'Mozilla/5.0 (Macintosh; Intel Mac OS X 10_15_7) AppleWebKit/537.36 (KHTML, like Gecko) Chrome/136.0.0.0 Safari/537.36'}, {'timestamp': '2025-05-15T14:32:11.590021', 'ip': '127.0.0.1', 'user_agent': 'Mozilla/5.0 (Macintosh; Intel Mac OS X 10_15_7) AppleWebKit/537.36 (KHTML, like Gecko) Chrome/136.0.0.0 Safari/537.36'}, {'timestamp': '2025-05-15T14:39:53.423130', 'ip': '127.0.0.1', 'user_agent': 'Mozilla/5.0 (Macintosh; Intel Mac OS X 10_15_7) AppleWebKit/537.36 (KHTML, like Gecko) Chrome/136.0.0.0 Safari/537.36'}, {'timestamp': '2025-05-15T17:38:24.182293', 'ip': '127.0.0.1', 'user_agent': 'Mozilla/5.0 (Macintosh; Intel Mac OS X 10_15_7) AppleWebKit/537.36 (KHTML, like Gecko) Chrome/136.0.0.0 Safari/537.36'}, {'timestamp': '2025-05-15T18:07:09.430503', 'ip': '127.0.0.1', 'user_agent': 'Mozilla/5.0 (Macintosh; Intel Mac OS X 10_15_7) AppleWebKit/537.36 (KHTML, like Gecko) Chrome/136.0.0.0 Safari/537.36'}, {'timestamp': '2025-05-15T18:40:22.557379', 'ip': '127.0.0.1', 'user_agent': 'Mozilla/5.0 (Macintosh; Intel Mac OS X 10_15_7) AppleWebKit/537.36 (KHTML, like Gecko) Chrome/136.0.0.0 Safari/537.36'}, {'timestamp': '2025-05-16T08:51:35.748718', 'ip': '127.0.0.1', 'user_agent': 'Mozilla/5.0 (Macintosh; Intel Mac OS X 10_15_7) AppleWebKit/537.36 (KHTML, like Gecko) Chrome/136.0.0.0 Safari/537.36'}, {'timestamp': '2025-05-16T08:56:51.375806', 'ip': '127.0.0.1', 'user_agent': 'Mozilla/5.0 (Macintosh; Intel Mac OS X 10_15_7) AppleWebKit/537.36 (KHTML, like Gecko) Chrome/136.0.0.0 Safari/537.36'}, {'timestamp': '2025-05-16T09:32:13.927333', 'ip': '127.0.0.1', 'user_agent': 'Mozilla/5.0 (Macintosh; Intel Mac OS X 10_15_7) AppleWebKit/537.36 (KHTML, like Gecko) Chrome/136.0.0.0 Safari/537.36'}, {'timestamp': '2025-05-16T10:29:20.619814', 'ip': '127.0.0.1', 'user_agent': 'Mozilla/5.0 (Macintosh; Intel Mac OS X 10_15_7) AppleWebKit/537.36 (KHTML, like Gecko) Chrome/136.0.0.0 Safari/537.36'}, {'timestamp': '2025-05-16T12:22:12.676973', 'ip': '127.0.0.1', 'user_agent': 'Mozilla/5.0 (Macintosh; Intel Mac OS X 10_15_7) AppleWebKit/537.36 (KHTML, like Gecko) Chrome/136.0.0.0 Safari/537.36'}, {'timestamp': '2025-05-16T12:22:32.591483', 'ip': '127.0.0.1', 'user_agent': 'Mozilla/5.0 (Macintosh; Intel Mac OS X 10_15_7) AppleWebKit/537.36 (KHTML, like Gecko) Chrome/136.0.0.0 Safari/537.36'}, {'timestamp': '2025-05-16T15:01:12.563159', 'ip': '127.0.0.1', 'user_agent': 'Mozilla/5.0 (Macintosh; Intel Mac OS X 10_15_7) AppleWebKit/537.36 (KHTML, like Gecko) Chrome/136.0.0.0 Safari/537.36'}, {'timestamp': '2025-05-16T15:09:39.230474', 'ip': '127.0.0.1', 'user_agent': 'Mozilla/5.0 (Macintosh; Intel Mac OS X 10_15_7) AppleWebKit/537.36 (KHTML, like Gecko) Chrome/136.0.0.0 Safari/537.36'}, {'timestamp': '2025-05-16T16:28:59.451186', 'ip': '127.0.0.1', 'user_agent': 'Mozilla/5.0 (Macintosh; Intel Mac OS X 10_15_7) AppleWebKit/537.36 (KHTML, like Gecko) Chrome/136.0.0.0 Safari/537.36'}, {'timestamp': '2025-05-16T19:49:52.842740', 'ip': '127.0.0.1', 'user_agent': 'Mozilla/5.0 (Macintosh; Intel Mac OS X 10_15_7) AppleWebKit/537.36 (KHTML, like Gecko) Chrome/136.0.0.0 Safari/537.36'}, {'timestamp': '2025-05-17T08:51:08.074653', 'ip': '127.0.0.1', 'user_agent': 'Mozilla/5.0 (Macintosh; Intel Mac OS X 10_15_7) AppleWebKit/537.36 (KHTML, like Gecko) Chrome/136.0.0.0 Safari/537.36'}, {'timestamp': '2025-05-17T10:03:18.396755', 'ip': '127.0.0.1', 'user_agent': 'Mozilla/5.0 (Macintosh; Intel Mac OS X 10_15_7) AppleWebKit/537.36 (KHTML, like Gecko) Chrome/136.0.0.0 Safari/537.36'}, {'timestamp': '2025-05-17T16:15:15.065098', 'ip': '127.0.0.1', 'user_agent': 'Mozilla/5.0 (Macintosh; Intel Mac OS X 10_15_7) AppleWebKit/537.36 (KHTML, like Gecko) Chrome/136.0.0.0 Safari/537.36'}, {'timestamp': '2025-05-19T21:40:09.703196', 'ip': '127.0.0.1', 'user_agent': 'Mozilla/5.0 (iPad; CPU OS 18_5_0 like Mac OS X) AppleWebKit/605.1.15 (KHTML, like Gecko) CriOS/136.0.7103.91 Mobile/15E148 Safari/604.1'}, {'timestamp': '2025-05-20T08:35:15.448261', 'ip': '127.0.0.1', 'user_agent': 'Mozilla/5.0 (Macintosh; Intel Mac OS X 10_15_7) AppleWebKit/537.36 (KHTML, like Gecko) Chrome/136.0.0.0 Safari/537.36'}, {'timestamp': '2025-05-20T09:36:34.310064', 'ip': '127.0.0.1', 'user_agent': 'Mozilla/5.0 (Macintosh; Intel Mac OS X 10_15_7) AppleWebKit/537.36 (KHTML, like Gecko) Chrome/136.0.0.0 Safari/537.36'}, {'timestamp': '2025-05-20T09:47:58.693192', 'ip': '127.0.0.1', 'user_agent': 'Mozilla/5.0 (Macintosh; Intel Mac OS X 10_15_7) AppleWebKit/537.36 (KHTML, like Gecko) Chrome/136.0.0.0 Safari/537.36'}], 'force_password_change': False, 'foto_perfil': '7903341a544d40218c77ad020c21b4bc_Miguel_Angel_y_yo_de_ninos.jpg'}
[2025-05-20 12:44:35,060] INFO in auth_routes: Usuario encontrado: edefrutos
[2025-05-20 12:44:35,060] INFO in auth_routes: Verificando contraseña para usuario: edefrutos
[2025-05-20 12:44:35,061] WARNING in auth_routes: Incongruencia entre password_type='werkzeug' y hash detectado='scrypt'. Se usará 'scrypt'
[2025-05-20 12:44:35,221] INFO in auth_routes: [LOGIN] Sesión establecida para usuario: edefrutos (ID: 681e29888bb6d00307eb028a)
[2025-05-20 12:44:35,221] INFO in auth_routes: [LOGIN] Datos completos de sesión: {'_permanent': True, 'user_id': '681e29888bb6d00307eb028a', 'email': 'edfrutos@gmail.com', 'username': 'edefrutos', 'role': 'admin', 'logged_in': True, 'login_time': '2025-05-20T10:44:35.220991', 'client_ip': '127.0.0.1'}
[2025-05-20 12:44:35,253] INFO in auth_routes: Redirigiendo a panel de administración (por defecto)
[2025-05-20 12:44:35,259] INFO in auth_routes: Login exitoso para: edefrutos
[2025-05-20 12:44:35,260] INFO in __init__: [COOKIES] Set-Cookie enviada: None
[2025-05-20 12:44:35,298] INFO in __init__: [COOKIES] Cookie recibida: ImmutableMultiDict([('edefrutos2025_session', '.eJw1jkkOgzAMRe_iNSAnTIFVD9F9FIiLImVAIayq3r2mg7zy8_9PfoLeKQcTKRaYSz6pgtU73rTbYQYhxwZ5BFRAwTjPjOwjnyUdt-0CzZoCH33aNrLaxb-FgYu6uEBckSj7Gvta4l3g3HVz2zdS4jRd3pz8lTE2cLuC86CsnWUyKEFyUkoty2ARWxxpQanMLxTNx02Wvv_A6w0RUz8U.aCxdEw.gUdZz4v5d5ktiYGjQxUQIbdbZVY')])
[2025-05-20 12:44:35,300] INFO in admin_routes: [DEBUG] spreadsheets_collection: Collection(Database(MongoClient(host=['cluster0-shard-00-00.pmokh.mongodb.net:27017', 'cluster0-shard-00-01.pmokh.mongodb.net:27017', 'cluster0-shard-00-02.pmokh.mongodb.net:27017'], document_class=dict, tz_aware=False, connect=True, retrywrites=True, w='majority', authsource='admin', replicaset='atlas-xw8tdi-shard-0', tls=True, serverselectiontimeoutms=10000, connecttimeoutms=30000, sockettimeoutms=45000, retryreads=True, maxpoolsize=50, minpoolsize=10, maxidletimems=300000, waitqueuetimeoutms=30000), 'app_catalogojoyero'), 'spreadsheets')
[2025-05-20 12:44:35,330] INFO in admin_routes: [DEBUG] spreadsheets_collection.count_documents: 22
[2025-05-20 12:44:35,448] INFO in admin_routes: [ADMIN] Se encontraron 22 catálogos totales para mostrar en el dashboard.
[2025-05-20 12:44:35,449] INFO in admin_routes: [ADMIN] Propietario del catálogo Manual Creada por edefrutos en Mis Tablas de Catalogo: edefrutos
[2025-05-20 12:44:35,449] INFO in admin_routes: [ADMIN] Propietario del catálogo Tabla Depurando: j.g.1991
[2025-05-20 12:44:35,449] INFO in admin_routes: [ADMIN] Propietario del catálogo Tabla Roberto: fsareirz26
[2025-05-20 12:44:35,449] INFO in admin_routes: [ADMIN] Propietario del catálogo Adolfo Nueva: Adolfo
[2025-05-20 12:44:35,449] INFO in admin_routes: [ADMIN] Propietario del catálogo Adolfo tabla: Adolfo
[2025-05-20 12:44:35,449] INFO in admin_routes: [ADMIN] Propietario del catálogo Enri9que importada: Enrique
[2025-05-20 12:44:35,449] INFO in admin_routes: [ADMIN] Propietario del catálogo Enrique Nueva: Enrique
[2025-05-20 12:44:35,450] INFO in admin_routes: [ADMIN] Propietario del catálogo Nueva Mnaual Julia: j.g.1991
[2025-05-20 12:44:35,450] INFO in admin_routes: [ADMIN] Propietario del catálogo Alberto Joyero: Alberto
[2025-05-20 12:44:35,450] INFO in admin_routes: [ADMIN] Propietario del catálogo Nueva: Alberto
[2025-05-20 12:44:35,450] INFO in admin_routes: [ADMIN] Propietario del catálogo xlsx importada: edefrutos
[2025-05-20 12:44:35,450] INFO in admin_routes: [ADMIN] Propietario del catálogo Test Imporft xlsx: edefrutos
[2025-05-20 12:44:35,450] INFO in admin_routes: [ADMIN] Propietario del catálogo Nueva Tabla Importada: administrator
[2025-05-20 12:44:35,451] INFO in admin_routes: [ADMIN] Propietario del catálogo Manual Admin: edefrutos
[2025-05-20 12:44:35,451] INFO in admin_routes: [ADMIN] Propietario del catálogo Importada: Alberto
[2025-05-20 12:44:35,451] INFO in admin_routes: [ADMIN] Propietario del catálogo Datos: alberto
[2025-05-20 12:44:35,451] INFO in admin_routes: [ADMIN] Propietario del catálogo Manual: alberto
[2025-05-20 12:44:35,451] INFO in admin_routes: [ADMIN] Propietario del catálogo Importada: alberto
[2025-05-20 12:44:35,451] INFO in admin_routes: [ADMIN] Propietario del catálogo Manual: amelia
[2025-05-20 12:44:35,451] INFO in admin_routes: [ADMIN] Propietario del catálogo Joyero: edefrutos
[2025-05-20 12:44:35,451] INFO in admin_routes: [ADMIN] Propietario del catálogo Tasbla importada: Julia
[2025-05-20 12:44:35,451] INFO in admin_routes: [ADMIN] Propietario del catálogo Catálogo storage_units.xlsx: 67ed5c96300befce1d631c44
[2025-05-20 12:44:35,452] INFO in admin_routes: [ADMIN] total_usuarios=22, total_catalogos=22, porcentaje calculado: 100.0
[2025-05-20 12:44:35,481] INFO in __init__: [COOKIES] Set-Cookie enviada: None
[2025-05-20 12:44:35,674] INFO in __init__: [COOKIES] Cookie recibida: ImmutableMultiDict([('edefrutos2025_session', '.eJw1jkkOgzAMRe_iNSAnTIFVD9F9FIiLImVAIayq3r2mg7zy8_9PfoLeKQcTKRaYSz6pgtU73rTbYQYhxwZ5BFRAwTjPjOwjnyUdt-0CzZoCH33aNrLaxb-FgYu6uEBckSj7Gvta4l3g3HVz2zdS4jRd3pz8lTE2cLuC86CsnWUyKEFyUkoty2ARWxxpQanMLxTNx02Wvv_A6w0RUz8U.aCxdEw.gUdZz4v5d5ktiYGjQxUQIbdbZVY')])
[2025-05-20 12:44:35,676] INFO in __init__: [COOKIES] Set-Cookie enviada: None
[2025-05-20 12:44:35,694] INFO in __init__: [COOKIES] Cookie recibida: ImmutableMultiDict([('edefrutos2025_session', '.eJw1jkkOgzAMRe_iNSAnTIFVD9F9FIiLImVAIayq3r2mg7zy8_9PfoLeKQcTKRaYSz6pgtU73rTbYQYhxwZ5BFRAwTjPjOwjnyUdt-0CzZoCH33aNrLaxb-FgYu6uEBckSj7Gvta4l3g3HVz2zdS4jRd3pz8lTE2cLuC86CsnWUyKEFyUkoty2ARWxxpQanMLxTNx02Wvv_A6w0RUz8U.aCxdEw.gUdZz4v5d5ktiYGjQxUQIbdbZVY')])
[2025-05-20 12:44:35,695] INFO in __init__: [COOKIES] Set-Cookie enviada: None
[2025-05-20 12:44:35,711] INFO in __init__: [COOKIES] Cookie recibida: ImmutableMultiDict([('edefrutos2025_session', '.eJw1jkkOgzAMRe_iNSAnTIFVD9F9FIiLImVAIayq3r2mg7zy8_9PfoLeKQcTKRaYSz6pgtU73rTbYQYhxwZ5BFRAwTjPjOwjnyUdt-0CzZoCH33aNrLaxb-FgYu6uEBckSj7Gvta4l3g3HVz2zdS4jRd3pz8lTE2cLuC86CsnWUyKEFyUkoty2ARWxxpQanMLxTNx02Wvv_A6w0RUz8U.aCxdEw.gUdZz4v5d5ktiYGjQxUQIbdbZVY')])
[2025-05-20 12:44:35,711] INFO in admin_routes: [DEBUG] spreadsheets_collection: Collection(Database(MongoClient(host=['cluster0-shard-00-00.pmokh.mongodb.net:27017', 'cluster0-shard-00-01.pmokh.mongodb.net:27017', 'cluster0-shard-00-02.pmokh.mongodb.net:27017'], document_class=dict, tz_aware=False, connect=True, retrywrites=True, w='majority', authsource='admin', replicaset='atlas-xw8tdi-shard-0', tls=True, serverselectiontimeoutms=10000, connecttimeoutms=30000, sockettimeoutms=45000, retryreads=True, maxpoolsize=50, minpoolsize=10, maxidletimems=300000, waitqueuetimeoutms=30000), 'app_catalogojoyero'), 'spreadsheets')
[2025-05-20 12:44:35,741] INFO in admin_routes: [DEBUG] spreadsheets_collection.count_documents: 22
[2025-05-20 12:44:35,856] INFO in admin_routes: [ADMIN] Se encontraron 22 catálogos totales para mostrar en el dashboard.
[2025-05-20 12:44:35,857] INFO in admin_routes: [ADMIN] Propietario del catálogo Manual Creada por edefrutos en Mis Tablas de Catalogo: edefrutos
[2025-05-20 12:44:35,857] INFO in admin_routes: [ADMIN] Propietario del catálogo Tabla Depurando: j.g.1991
[2025-05-20 12:44:35,857] INFO in admin_routes: [ADMIN] Propietario del catálogo Tabla Roberto: fsareirz26
[2025-05-20 12:44:35,857] INFO in admin_routes: [ADMIN] Propietario del catálogo Adolfo Nueva: Adolfo
[2025-05-20 12:44:35,857] INFO in admin_routes: [ADMIN] Propietario del catálogo Adolfo tabla: Adolfo
[2025-05-20 12:44:35,857] INFO in admin_routes: [ADMIN] Propietario del catálogo Enri9que importada: Enrique
[2025-05-20 12:44:35,857] INFO in admin_routes: [ADMIN] Propietario del catálogo Enrique Nueva: Enrique
[2025-05-20 12:44:35,857] INFO in admin_routes: [ADMIN] Propietario del catálogo Nueva Mnaual Julia: j.g.1991
[2025-05-20 12:44:35,857] INFO in admin_routes: [ADMIN] Propietario del catálogo Alberto Joyero: Alberto
[2025-05-20 12:44:35,857] INFO in admin_routes: [ADMIN] Propietario del catálogo Nueva: Alberto
[2025-05-20 12:44:35,857] INFO in admin_routes: [ADMIN] Propietario del catálogo xlsx importada: edefrutos
[2025-05-20 12:44:35,857] INFO in admin_routes: [ADMIN] Propietario del catálogo Test Imporft xlsx: edefrutos
[2025-05-20 12:44:35,857] INFO in admin_routes: [ADMIN] Propietario del catálogo Nueva Tabla Importada: administrator
[2025-05-20 12:44:35,857] INFO in admin_routes: [ADMIN] Propietario del catálogo Manual Admin: edefrutos
[2025-05-20 12:44:35,857] INFO in admin_routes: [ADMIN] Propietario del catálogo Importada: Alberto
[2025-05-20 12:44:35,858] INFO in admin_routes: [ADMIN] Propietario del catálogo Datos: alberto
[2025-05-20 12:44:35,858] INFO in admin_routes: [ADMIN] Propietario del catálogo Manual: alberto
[2025-05-20 12:44:35,858] INFO in admin_routes: [ADMIN] Propietario del catálogo Importada: alberto
[2025-05-20 12:44:35,858] INFO in admin_routes: [ADMIN] Propietario del catálogo Manual: amelia
[2025-05-20 12:44:35,858] INFO in admin_routes: [ADMIN] Propietario del catálogo Joyero: edefrutos
[2025-05-20 12:44:35,858] INFO in admin_routes: [ADMIN] Propietario del catálogo Tasbla importada: Julia
[2025-05-20 12:44:35,858] INFO in admin_routes: [ADMIN] Propietario del catálogo Catálogo storage_units.xlsx: 67ed5c96300befce1d631c44
[2025-05-20 12:44:35,858] INFO in admin_routes: [ADMIN] total_usuarios=22, total_catalogos=22, porcentaje calculado: 100.0
[2025-05-20 12:44:35,860] INFO in __init__: [COOKIES] Set-Cookie enviada: None
[2025-05-20 12:44:37,509] INFO in __init__: [COOKIES] Cookie recibida: ImmutableMultiDict([('edefrutos2025_session', '.eJw1jkkOgzAMRe_iNSAnTIFVD9F9FIiLImVAIayq3r2mg7zy8_9PfoLeKQcTKRaYSz6pgtU73rTbYQYhxwZ5BFRAwTjPjOwjnyUdt-0CzZoCH33aNrLaxb-FgYu6uEBckSj7Gvta4l3g3HVz2zdS4jRd3pz8lTE2cLuC86CsnWUyKEFyUkoty2ARWxxpQanMLxTNx02Wvv_A6w0RUz8U.aCxdEw.gUdZz4v5d5ktiYGjQxUQIbdbZVY')])
[2025-05-20 12:44:37,509] INFO in admin_routes: [DEBUG] spreadsheets_collection: Collection(Database(MongoClient(host=['cluster0-shard-00-00.pmokh.mongodb.net:27017', 'cluster0-shard-00-01.pmokh.mongodb.net:27017', 'cluster0-shard-00-02.pmokh.mongodb.net:27017'], document_class=dict, tz_aware=False, connect=True, retrywrites=True, w='majority', authsource='admin', replicaset='atlas-xw8tdi-shard-0', tls=True, serverselectiontimeoutms=10000, connecttimeoutms=30000, sockettimeoutms=45000, retryreads=True, maxpoolsize=50, minpoolsize=10, maxidletimems=300000, waitqueuetimeoutms=30000), 'app_catalogojoyero'), 'spreadsheets')
[2025-05-20 12:44:37,538] INFO in admin_routes: [DEBUG] spreadsheets_collection.count_documents: 22
[2025-05-20 12:44:37,654] INFO in admin_routes: [ADMIN] Se encontraron 22 catálogos totales para mostrar en el dashboard.
[2025-05-20 12:44:37,654] INFO in admin_routes: [ADMIN] Propietario del catálogo Manual Creada por edefrutos en Mis Tablas de Catalogo: edefrutos
[2025-05-20 12:44:37,654] INFO in admin_routes: [ADMIN] Propietario del catálogo Tabla Depurando: j.g.1991
[2025-05-20 12:44:37,655] INFO in admin_routes: [ADMIN] Propietario del catálogo Tabla Roberto: fsareirz26
[2025-05-20 12:44:37,655] INFO in admin_routes: [ADMIN] Propietario del catálogo Adolfo Nueva: Adolfo
[2025-05-20 12:44:37,655] INFO in admin_routes: [ADMIN] Propietario del catálogo Adolfo tabla: Adolfo
[2025-05-20 12:44:37,655] INFO in admin_routes: [ADMIN] Propietario del catálogo Enri9que importada: Enrique
[2025-05-20 12:44:37,655] INFO in admin_routes: [ADMIN] Propietario del catálogo Enrique Nueva: Enrique
[2025-05-20 12:44:37,655] INFO in admin_routes: [ADMIN] Propietario del catálogo Nueva Mnaual Julia: j.g.1991
[2025-05-20 12:44:37,655] INFO in admin_routes: [ADMIN] Propietario del catálogo Alberto Joyero: Alberto
[2025-05-20 12:44:37,655] INFO in admin_routes: [ADMIN] Propietario del catálogo Nueva: Alberto
[2025-05-20 12:44:37,655] INFO in admin_routes: [ADMIN] Propietario del catálogo xlsx importada: edefrutos
[2025-05-20 12:44:37,655] INFO in admin_routes: [ADMIN] Propietario del catálogo Test Imporft xlsx: edefrutos
[2025-05-20 12:44:37,655] INFO in admin_routes: [ADMIN] Propietario del catálogo Nueva Tabla Importada: administrator
[2025-05-20 12:44:37,655] INFO in admin_routes: [ADMIN] Propietario del catálogo Manual Admin: edefrutos
[2025-05-20 12:44:37,655] INFO in admin_routes: [ADMIN] Propietario del catálogo Importada: Alberto
[2025-05-20 12:44:37,655] INFO in admin_routes: [ADMIN] Propietario del catálogo Datos: alberto
[2025-05-20 12:44:37,655] INFO in admin_routes: [ADMIN] Propietario del catálogo Manual: alberto
[2025-05-20 12:44:37,655] INFO in admin_routes: [ADMIN] Propietario del catálogo Importada: alberto
[2025-05-20 12:44:37,655] INFO in admin_routes: [ADMIN] Propietario del catálogo Manual: amelia
[2025-05-20 12:44:37,655] INFO in admin_routes: [ADMIN] Propietario del catálogo Joyero: edefrutos
[2025-05-20 12:44:37,655] INFO in admin_routes: [ADMIN] Propietario del catálogo Tasbla importada: Julia
[2025-05-20 12:44:37,656] INFO in admin_routes: [ADMIN] Propietario del catálogo Catálogo storage_units.xlsx: 67ed5c96300befce1d631c44
[2025-05-20 12:44:37,656] INFO in admin_routes: [ADMIN] total_usuarios=22, total_catalogos=22, porcentaje calculado: 100.0
[2025-05-20 12:44:37,657] INFO in __init__: [COOKIES] Set-Cookie enviada: None
[2025-05-20 12:44:46,692] INFO in __init__: [COOKIES] Cookie recibida: ImmutableMultiDict([('edefrutos2025_session', '.eJw1jkkOgzAMRe_iNSAnTIFVD9F9FIiLImVAIayq3r2mg7zy8_9PfoLeKQcTKRaYSz6pgtU73rTbYQYhxwZ5BFRAwTjPjOwjnyUdt-0CzZoCH33aNrLaxb-FgYu6uEBckSj7Gvta4l3g3HVz2zdS4jRd3pz8lTE2cLuC86CsnWUyKEFyUkoty2ARWxxpQanMLxTNx02Wvv_A6w0RUz8U.aCxdFQ.RLkdop9TCo2JLUB2gKLQR6MXhJA')])
[2025-05-20 12:44:46,847] INFO in __init__: [COOKIES] Set-Cookie enviada: None
[2025-05-20 12:47:28,627] INFO in __init__: [COOKIES] Cookie recibida: ImmutableMultiDict([])
[2025-05-20 12:47:28,649] INFO in __init__: [COOKIES] Set-Cookie enviada: None
[2025-05-20 12:47:28,774] INFO in __init__: [COOKIES] Cookie recibida: ImmutableMultiDict([])
[2025-05-20 12:47:28,804] INFO in __init__: [COOKIES] Set-Cookie enviada: None
[2025-05-20 12:49:01,506] INFO in __init__: [COOKIES] Cookie recibida: ImmutableMultiDict([])
[2025-05-20 12:49:01,550] INFO in __init__: [COOKIES] Set-Cookie enviada: None
[2025-05-20 12:49:01,664] INFO in __init__: [COOKIES] Cookie recibida: ImmutableMultiDict([])
[2025-05-20 12:49:01,734] INFO in __init__: [COOKIES] Set-Cookie enviada: None
[2025-05-20 12:52:32,067] INFO in __init__: [COOKIES] Cookie recibida: ImmutableMultiDict([])
[2025-05-20 12:52:32,092] INFO in __init__: [COOKIES] Set-Cookie enviada: None
[2025-05-20 12:52:32,213] INFO in __init__: [COOKIES] Cookie recibida: ImmutableMultiDict([])
[2025-05-20 12:52:32,240] INFO in __init__: [COOKIES] Set-Cookie enviada: None
[2025-05-20 12:54:02,027] INFO in __init__: [COOKIES] Cookie recibida: ImmutableMultiDict([])
[2025-05-20 12:54:02,046] INFO in __init__: [COOKIES] Set-Cookie enviada: None
[2025-05-20 12:54:02,188] INFO in __init__: [COOKIES] Cookie recibida: ImmutableMultiDict([])
[2025-05-20 12:54:02,210] INFO in __init__: [COOKIES] Set-Cookie enviada: None
[2025-05-20 12:58:00,317] INFO in __init__: [COOKIES] Cookie recibida: ImmutableMultiDict([])
[2025-05-20 12:58:00,382] INFO in __init__: [COOKIES] Set-Cookie enviada: None
[2025-05-20 12:58:00,716] INFO in __init__: [COOKIES] Cookie recibida: ImmutableMultiDict([])
[2025-05-20 12:58:00,828] INFO in __init__: [COOKIES] Set-Cookie enviada: None
[2025-05-20 12:59:02,683] INFO in __init__: [COOKIES] Cookie recibida: ImmutableMultiDict([])
[2025-05-20 12:59:02,739] INFO in __init__: [COOKIES] Set-Cookie enviada: None
[2025-05-20 12:59:02,861] INFO in __init__: [COOKIES] Cookie recibida: ImmutableMultiDict([])
[2025-05-20 12:59:02,896] INFO in __init__: [COOKIES] Set-Cookie enviada: None
[2025-05-20 13:00:09,783] INFO in __init__: [COOKIES] Cookie recibida: ImmutableMultiDict([])
[2025-05-20 13:00:09,808] INFO in __init__: [COOKIES] Set-Cookie enviada: None
[2025-05-20 13:03:05,794] INFO in __init__: [COOKIES] Cookie recibida: ImmutableMultiDict([])
[2025-05-20 13:03:05,815] INFO in __init__: [COOKIES] Set-Cookie enviada: None
[2025-05-20 13:03:06,056] INFO in __init__: [COOKIES] Cookie recibida: ImmutableMultiDict([])
[2025-05-20 13:03:06,210] INFO in __init__: [COOKIES] Set-Cookie enviada: None
[2025-05-20 13:04:40,401] INFO in __init__: [COOKIES] Cookie recibida: ImmutableMultiDict([])
[2025-05-20 13:04:40,421] INFO in __init__: [COOKIES] Set-Cookie enviada: None
[2025-05-20 13:04:40,523] INFO in __init__: [COOKIES] Cookie recibida: ImmutableMultiDict([])
[2025-05-20 13:04:40,658] INFO in __init__: [COOKIES] Set-Cookie enviada: None
[2025-05-20 13:05:57,476] INFO in __init__: [COOKIES] Cookie recibida: ImmutableMultiDict([('edefrutos2025_session', '.eJw1jkkOgzAMRe_iNSAnTIFVD9F9FIiLImVAIayq3r2mg7zy8_9PfoLeKQcTKRaYSz6pgtU73rTbYQYhxwZ5BFRAwTjPjOwjnyUdt-0CzZoCH33aNrLaxb-FgYu6uEBckSj7Gvta4l3g3HVz2zdS4jRd3pz8lTE2cLuC86CsnWUyKEFyUkoty2ARWxxpQanMLxTNx02Wvv_A6w0RUz8U.aCxdHg.5RVxItj3d8x1Ke9JSnLMU7-1ZH8')])
[2025-05-20 13:05:57,525] INFO in __init__: [COOKIES] Set-Cookie enviada: None
[2025-05-20 13:05:57,765] INFO in __init__: [COOKIES] Cookie recibida: ImmutableMultiDict([('edefrutos2025_session', '.eJw1jkkOgzAMRe_iNSAnTIFVD9F9FIiLImVAIayq3r2mg7zy8_9PfoLeKQcTKRaYSz6pgtU73rTbYQYhxwZ5BFRAwTjPjOwjnyUdt-0CzZoCH33aNrLaxb-FgYu6uEBckSj7Gvta4l3g3HVz2zdS4jRd3pz8lTE2cLuC86CsnWUyKEFyUkoty2ARWxxpQanMLxTNx02Wvv_A6w0RUz8U.aCxiFQ.P46bJS6UArWuLAGY1Vmw7pXn5iU')])
[2025-05-20 13:05:57,767] INFO in __init__: [COOKIES] Set-Cookie enviada: None
[2025-05-20 13:05:57,776] INFO in __init__: [COOKIES] Cookie recibida: ImmutableMultiDict([('edefrutos2025_session', '.eJw1jkkOgzAMRe_iNSAnTIFVD9F9FIiLImVAIayq3r2mg7zy8_9PfoLeKQcTKRaYSz6pgtU73rTbYQYhxwZ5BFRAwTjPjOwjnyUdt-0CzZoCH33aNrLaxb-FgYu6uEBckSj7Gvta4l3g3HVz2zdS4jRd3pz8lTE2cLuC86CsnWUyKEFyUkoty2ARWxxpQanMLxTNx02Wvv_A6w0RUz8U.aCxiFQ.P46bJS6UArWuLAGY1Vmw7pXn5iU')])
[2025-05-20 13:05:57,786] INFO in __init__: [COOKIES] Set-Cookie enviada: None
[2025-05-20 13:05:57,791] INFO in __init__: [COOKIES] Cookie recibida: ImmutableMultiDict([('edefrutos2025_session', '.eJw1jkkOgzAMRe_iNSAnTIFVD9F9FIiLImVAIayq3r2mg7zy8_9PfoLeKQcTKRaYSz6pgtU73rTbYQYhxwZ5BFRAwTjPjOwjnyUdt-0CzZoCH33aNrLaxb-FgYu6uEBckSj7Gvta4l3g3HVz2zdS4jRd3pz8lTE2cLuC86CsnWUyKEFyUkoty2ARWxxpQanMLxTNx02Wvv_A6w0RUz8U.aCxiFQ.P46bJS6UArWuLAGY1Vmw7pXn5iU')])
[2025-05-20 13:05:57,793] INFO in __init__: [COOKIES] Set-Cookie enviada: None
[2025-05-20 13:05:57,812] INFO in __init__: [COOKIES] Cookie recibida: ImmutableMultiDict([('edefrutos2025_session', '.eJw1jkkOgzAMRe_iNSAnTIFVD9F9FIiLImVAIayq3r2mg7zy8_9PfoLeKQcTKRaYSz6pgtU73rTbYQYhxwZ5BFRAwTjPjOwjnyUdt-0CzZoCH33aNrLaxb-FgYu6uEBckSj7Gvta4l3g3HVz2zdS4jRd3pz8lTE2cLuC86CsnWUyKEFyUkoty2ARWxxpQanMLxTNx02Wvv_A6w0RUz8U.aCxiFQ.P46bJS6UArWuLAGY1Vmw7pXn5iU')])
[2025-05-20 13:05:57,823] INFO in admin_routes: [DEBUG] spreadsheets_collection: Collection(Database(MongoClient(host=['cluster0-shard-00-00.pmokh.mongodb.net:27017', 'cluster0-shard-00-01.pmokh.mongodb.net:27017', 'cluster0-shard-00-02.pmokh.mongodb.net:27017'], document_class=dict, tz_aware=False, connect=True, retrywrites=True, w='majority', authsource='admin', replicaset='atlas-xw8tdi-shard-0', tls=True, serverselectiontimeoutms=10000, connecttimeoutms=30000, sockettimeoutms=45000, retryreads=True, maxpoolsize=50, minpoolsize=10, maxidletimems=300000, waitqueuetimeoutms=30000), 'app_catalogojoyero'), 'spreadsheets')
[2025-05-20 13:05:57,865] INFO in admin_routes: [DEBUG] spreadsheets_collection.count_documents: 22
[2025-05-20 13:05:57,996] INFO in admin_routes: [ADMIN] Se encontraron 22 catálogos totales para mostrar en el dashboard.
[2025-05-20 13:05:57,997] INFO in admin_routes: [ADMIN] Propietario del catálogo Manual Creada por edefrutos en Mis Tablas de Catalogo: edefrutos
[2025-05-20 13:05:57,997] INFO in admin_routes: [ADMIN] Propietario del catálogo Tabla Depurando: j.g.1991
[2025-05-20 13:05:57,997] INFO in admin_routes: [ADMIN] Propietario del catálogo Tabla Roberto: fsareirz26
[2025-05-20 13:05:57,998] INFO in admin_routes: [ADMIN] Propietario del catálogo Adolfo Nueva: Adolfo
[2025-05-20 13:05:57,998] INFO in admin_routes: [ADMIN] Propietario del catálogo Adolfo tabla: Adolfo
[2025-05-20 13:05:57,998] INFO in admin_routes: [ADMIN] Propietario del catálogo Enri9que importada: Enrique
[2025-05-20 13:05:57,998] INFO in admin_routes: [ADMIN] Propietario del catálogo Enrique Nueva: Enrique
[2025-05-20 13:05:57,998] INFO in admin_routes: [ADMIN] Propietario del catálogo Nueva Mnaual Julia: j.g.1991
[2025-05-20 13:05:57,998] INFO in admin_routes: [ADMIN] Propietario del catálogo Alberto Joyero: Alberto
[2025-05-20 13:05:57,998] INFO in admin_routes: [ADMIN] Propietario del catálogo Nueva: Alberto
[2025-05-20 13:05:57,998] INFO in admin_routes: [ADMIN] Propietario del catálogo xlsx importada: edefrutos
[2025-05-20 13:05:57,998] INFO in admin_routes: [ADMIN] Propietario del catálogo Test Imporft xlsx: edefrutos
[2025-05-20 13:05:57,998] INFO in admin_routes: [ADMIN] Propietario del catálogo Nueva Tabla Importada: administrator
[2025-05-20 13:05:57,998] INFO in admin_routes: [ADMIN] Propietario del catálogo Manual Admin: edefrutos
[2025-05-20 13:05:57,998] INFO in admin_routes: [ADMIN] Propietario del catálogo Importada: Alberto
[2025-05-20 13:05:57,998] INFO in admin_routes: [ADMIN] Propietario del catálogo Datos: alberto
[2025-05-20 13:05:57,999] INFO in admin_routes: [ADMIN] Propietario del catálogo Manual: alberto
[2025-05-20 13:05:57,999] INFO in admin_routes: [ADMIN] Propietario del catálogo Importada: alberto
[2025-05-20 13:05:57,999] INFO in admin_routes: [ADMIN] Propietario del catálogo Manual: amelia
[2025-05-20 13:05:57,999] INFO in admin_routes: [ADMIN] Propietario del catálogo Joyero: edefrutos
[2025-05-20 13:05:57,999] INFO in admin_routes: [ADMIN] Propietario del catálogo Tasbla importada: Julia
[2025-05-20 13:05:57,999] INFO in admin_routes: [ADMIN] Propietario del catálogo Catálogo storage_units.xlsx: 67ed5c96300befce1d631c44
[2025-05-20 13:05:58,000] INFO in admin_routes: [ADMIN] total_usuarios=22, total_catalogos=22, porcentaje calculado: 100.0
[2025-05-20 13:05:58,133] INFO in __init__: [COOKIES] Set-Cookie enviada: None
[2025-05-20 13:06:04,991] INFO in __init__: [COOKIES] Cookie recibida: ImmutableMultiDict([('edefrutos2025_session', '.eJw1jkkOgzAMRe_iNSAnTIFVD9F9FIiLImVAIayq3r2mg7zy8_9PfoLeKQcTKRaYSz6pgtU73rTbYQYhxwZ5BFRAwTjPjOwjnyUdt-0CzZoCH33aNrLaxb-FgYu6uEBckSj7Gvta4l3g3HVz2zdS4jRd3pz8lTE2cLuC86CsnWUyKEFyUkoty2ARWxxpQanMLxTNx02Wvv_A6w0RUz8U.aCxiFg.AnizPafrnYtjtjZefjXxnH22fzU')])
[2025-05-20 13:06:05,017] INFO in __init__: [COOKIES] Set-Cookie enviada: None
[2025-05-20 13:06:30,322] INFO in __init__: [COOKIES] Cookie recibida: ImmutableMultiDict([('edefrutos2025_session', '.eJw1jkkOgzAMRe_iNSAnTIFVD9F9FIiLImVAIayq3r2mg7zy8_9PfoLeKQcTKRaYSz6pgtU73rTbYQYhxwZ5BFRAwTjPjOwjnyUdt-0CzZoCH33aNrLaxb-FgYu6uEBckSj7Gvta4l3g3HVz2zdS4jRd3pz8lTE2cLuC86CsnWUyKEFyUkoty2ARWxxpQanMLxTNx02Wvv_A6w0RUz8U.aCxiHQ.bm4S0YDSSeThyZGdQUWAyhwe4ys')])
[2025-05-20 13:06:31,504] INFO in __init__: [COOKIES] Set-Cookie enviada: None
[2025-05-20 13:06:41,780] INFO in __init__: [COOKIES] Cookie recibida: ImmutableMultiDict([('edefrutos2025_session', '.eJw1jkkOgzAMRe_iNSAnTIFVD9F9FIiLImVAIayq3r2mg7zy8_9PfoLeKQcTKRaYSz6pgtU73rTbYQYhxwZ5BFRAwTjPjOwjnyUdt-0CzZoCH33aNrLaxb-FgYu6uEBckSj7Gvta4l3g3HVz2zdS4jRd3pz8lTE2cLuC86CsnWUyKEFyUkoty2ARWxxpQanMLxTNx02Wvv_A6w0RUz8U.aCxiNw.BTpyQ4SChDxgMiOwrMOXvnt11Zo')])
[2025-05-20 13:06:41,918] INFO in __init__: [COOKIES] Set-Cookie enviada: None
[2025-05-20 13:06:46,579] INFO in __init__: [COOKIES] Cookie recibida: ImmutableMultiDict([('edefrutos2025_session', '.eJw1jkkOgzAMRe_iNSAnTIFVD9F9FIiLImVAIayq3r2mg7zy8_9PfoLeKQcTKRaYSz6pgtU73rTbYQYhxwZ5BFRAwTjPjOwjnyUdt-0CzZoCH33aNrLaxb-FgYu6uEBckSj7Gvta4l3g3HVz2zdS4jRd3pz8lTE2cLuC86CsnWUyKEFyUkoty2ARWxxpQanMLxTNx02Wvv_A6w0RUz8U.aCxiQQ.VN2PWBHplE2_1MEeSI38_TnNV0M')])
[2025-05-20 13:06:46,603] INFO in __init__: [COOKIES] Set-Cookie enviada: None
[2025-05-20 13:06:48,233] INFO in __init__: [COOKIES] Cookie recibida: ImmutableMultiDict([('edefrutos2025_session', '.eJw1jkkOgzAMRe_iNSAnTIFVD9F9FIiLImVAIayq3r2mg7zy8_9PfoLeKQcTKRaYSz6pgtU73rTbYQYhxwZ5BFRAwTjPjOwjnyUdt-0CzZoCH33aNrLaxb-FgYu6uEBckSj7Gvta4l3g3HVz2zdS4jRd3pz8lTE2cLuC86CsnWUyKEFyUkoty2ARWxxpQanMLxTNx02Wvv_A6w0RUz8U.aCxiRg.9r5YnsHvxgHizXDHnT1VkNVRNRA')])
[2025-05-20 13:06:48,252] INFO in __init__: [COOKIES] Set-Cookie enviada: None
[2025-05-20 13:07:01,590] INFO in __init__: [COOKIES] Cookie recibida: ImmutableMultiDict([('edefrutos2025_session', '.eJw1jkkOgzAMRe_iNSAnTIFVD9F9FIiLImVAIayq3r2mg7zy8_9PfoLeKQcTKRaYSz6pgtU73rTbYQYhxwZ5BFRAwTjPjOwjnyUdt-0CzZoCH33aNrLaxb-FgYu6uEBckSj7Gvta4l3g3HVz2zdS4jRd3pz8lTE2cLuC86CsnWUyKEFyUkoty2ARWxxpQanMLxTNx02Wvv_A6w0RUz8U.aCxiSA.JkouZ5Uh87JiTi9xNdtt7n52MsA')])
[2025-05-20 13:07:02,374] INFO in __init__: [COOKIES] Set-Cookie enviada: None
[2025-05-20 13:07:13,818] INFO in __init__: [COOKIES] Cookie recibida: ImmutableMultiDict([('edefrutos2025_session', '.eJw1jkkOgzAMRe_iNSAnTIFVD9F9FIiLImVAIayq3r2mg7zy8_9PfoLeKQcTKRaYSz6pgtU73rTbYQYhxwZ5BFRAwTjPjOwjnyUdt-0CzZoCH33aNrLaxb-FgYu6uEBckSj7Gvta4l3g3HVz2zdS4jRd3pz8lTE2cLuC86CsnWUyKEFyUkoty2ARWxxpQanMLxTNx02Wvv_A6w0RUz8U.aCxiVg.NWd2JQUiJISNOVPOqZE2AS6VENo')])
[2025-05-20 13:07:13,823] INFO in __init__: [COOKIES] Set-Cookie enviada: None
[2025-05-20 13:07:18,302] INFO in __init__: [COOKIES] Cookie recibida: ImmutableMultiDict([('edefrutos2025_session', '.eJw1jkkOgzAMRe_iNSAnTIFVD9F9FIiLImVAIayq3r2mg7zy8_9PfoLeKQcTKRaYSz6pgtU73rTbYQYhxwZ5BFRAwTjPjOwjnyUdt-0CzZoCH33aNrLaxb-FgYu6uEBckSj7Gvta4l3g3HVz2zdS4jRd3pz8lTE2cLuC86CsnWUyKEFyUkoty2ARWxxpQanMLxTNx02Wvv_A6w0RUz8U.aCxiYQ.msXc-P0HXHooxgc4rc6BaMM5VQs')])
[2025-05-20 13:07:18,318] INFO in __init__: [COOKIES] Set-Cookie enviada: None
[2025-05-20 13:07:20,210] INFO in __init__: [COOKIES] Cookie recibida: ImmutableMultiDict([('edefrutos2025_session', '.eJw1jkkOgzAMRe_iNSAnTIFVD9F9FIiLImVAIayq3r2mg7zy8_9PfoLeKQcTKRaYSz6pgtU73rTbYQYhxwZ5BFRAwTjPjOwjnyUdt-0CzZoCH33aNrLaxb-FgYu6uEBckSj7Gvta4l3g3HVz2zdS4jRd3pz8lTE2cLuC86CsnWUyKEFyUkoty2ARWxxpQanMLxTNx02Wvv_A6w0RUz8U.aCxiZg._AwT8_iaedAjArYvHlLSyvZT2Ys')])
[2025-05-20 13:07:20,226] INFO in __init__: [COOKIES] Set-Cookie enviada: None
[2025-05-20 13:07:34,557] INFO in __init__: [COOKIES] Cookie recibida: ImmutableMultiDict([('edefrutos2025_session', '.eJw1jkkOgzAMRe_iNSAnTIFVD9F9FIiLImVAIayq3r2mg7zy8_9PfoLeKQcTKRaYSz6pgtU73rTbYQYhxwZ5BFRAwTjPjOwjnyUdt-0CzZoCH33aNrLaxb-FgYu6uEBckSj7Gvta4l3g3HVz2zdS4jRd3pz8lTE2cLuC86CsnWUyKEFyUkoty2ARWxxpQanMLxTNx02Wvv_A6w0RUz8U.aCxiaA.Pomtdr1gGaK-t57Gsf4ZC0AWDQQ')])
[2025-05-20 13:07:34,599] INFO in __init__: [COOKIES] Set-Cookie enviada: None
[2025-05-20 13:08:09,930] INFO in __init__: [COOKIES] Cookie recibida: ImmutableMultiDict([])
[2025-05-20 13:08:09,933] INFO in __init__: [COOKIES] Set-Cookie enviada: None
[2025-05-20 13:08:10,027] INFO in __init__: [COOKIES] Cookie recibida: ImmutableMultiDict([])
[2025-05-20 13:08:10,034] INFO in __init__: [COOKIES] Set-Cookie enviada: None
[2025-05-20 13:09:40,891] INFO in __init__: [COOKIES] Cookie recibida: ImmutableMultiDict([])
[2025-05-20 13:09:40,912] INFO in __init__: [COOKIES] Set-Cookie enviada: None
[2025-05-20 13:09:41,097] INFO in __init__: [COOKIES] Cookie recibida: ImmutableMultiDict([])
[2025-05-20 13:09:41,117] INFO in __init__: [COOKIES] Set-Cookie enviada: None
